2022.03.16 11:52:50 INFO  ce[][o.s.p.ProcessEntryPoint] Starting ce
2022.03.16 11:52:50 INFO  ce[][o.s.ce.app.CeServer] Compute Engine starting up...
2022.03.16 11:52:51 INFO  ce[][o.s.s.e.EsClientProvider] Connected to local Elasticsearch: [http://127.0.0.1:9001]
2022.03.16 11:52:51 INFO  ce[][o.sonar.db.Database] Create JDBC data source for jdbc:h2:tcp://127.0.0.1:9092/sonar
2022.03.16 11:52:51 WARN  ce[][o.s.db.dialect.H2] H2 database should be used for evaluation purpose only.
2022.03.16 11:52:52 INFO  ce[][o.s.s.p.ServerFileSystemImpl] SonarQube home: C:\Users\skaderi\IntellJ-workspace\bug-tracker\sonarqube-9.3.0.51899
2022.03.16 11:52:52 INFO  ce[][o.s.c.c.CePluginRepository] Load plugins
2022.03.16 11:52:54 INFO  ce[][o.s.c.c.ComputeEngineContainerImpl] Running Community edition
2022.03.16 11:52:54 INFO  ce[][o.s.ce.app.CeServer] Compute Engine is operational
2022.03.16 11:54:25 INFO  ce[][o.s.c.t.CeWorkerImpl] Execute task | project=com:project | type=REPORT | id=AX-RZiVYdAVMd9Zm0a8W
2022.03.16 11:54:25 INFO  ce[AX-RZiVYdAVMd9Zm0a8W][o.s.c.t.s.ComputationStepExecutor] Extract report | status=SUCCESS | time=152ms
2022.03.16 11:54:25 INFO  ce[AX-RZiVYdAVMd9Zm0a8W][o.s.c.t.s.ComputationStepExecutor] Persist scanner context | status=SUCCESS | time=8ms
2022.03.16 11:54:25 INFO  ce[AX-RZiVYdAVMd9Zm0a8W][o.s.c.t.s.ComputationStepExecutor] Propagate analysis warnings from scanner report | status=SUCCESS | time=27ms
2022.03.16 11:54:25 INFO  ce[AX-RZiVYdAVMd9Zm0a8W][o.s.c.t.s.ComputationStepExecutor] Generate analysis UUID | status=SUCCESS | time=0ms
2022.03.16 11:54:25 INFO  ce[AX-RZiVYdAVMd9Zm0a8W][o.s.c.t.s.ComputationStepExecutor] Load analysis metadata | status=SUCCESS | time=65ms
2022.03.16 11:54:25 INFO  ce[AX-RZiVYdAVMd9Zm0a8W][o.s.c.t.s.ComputationStepExecutor] Initialize | status=SUCCESS | time=0ms
2022.03.16 11:54:25 INFO  ce[AX-RZiVYdAVMd9Zm0a8W][o.s.c.t.s.ComputationStepExecutor] Build tree of components | components=29 | status=SUCCESS | time=51ms
2022.03.16 11:54:25 INFO  ce[AX-RZiVYdAVMd9Zm0a8W][o.s.c.t.s.ComputationStepExecutor] Validate project | status=SUCCESS | time=7ms
2022.03.16 11:54:27 INFO  ce[AX-RZiVYdAVMd9Zm0a8W][o.s.c.t.s.ComputationStepExecutor] Load quality profiles | status=SUCCESS | time=1452ms
2022.03.16 11:54:27 INFO  ce[AX-RZiVYdAVMd9Zm0a8W][o.s.c.t.s.ComputationStepExecutor] Load Quality gate | status=SUCCESS | time=12ms
2022.03.16 11:54:27 INFO  ce[AX-RZiVYdAVMd9Zm0a8W][o.s.c.t.s.ComputationStepExecutor] Load new code period | status=SUCCESS | time=10ms
2022.03.16 11:54:27 INFO  ce[AX-RZiVYdAVMd9Zm0a8W][o.s.c.t.s.ComputationStepExecutor] Detect file moves | reportFiles=17 | dbFiles=17 | addedFiles=0 | status=SUCCESS | time=10ms
2022.03.16 11:54:27 INFO  ce[AX-RZiVYdAVMd9Zm0a8W][o.s.c.t.s.ComputationStepExecutor] Load duplications | duplications=0 | status=SUCCESS | time=6ms
2022.03.16 11:54:27 INFO  ce[AX-RZiVYdAVMd9Zm0a8W][o.s.c.t.s.ComputationStepExecutor] Compute cross project duplications | status=SUCCESS | time=0ms
2022.03.16 11:54:27 INFO  ce[AX-RZiVYdAVMd9Zm0a8W][o.s.c.t.s.ComputationStepExecutor] Compute size measures | status=SUCCESS | time=21ms
2022.03.16 11:54:27 INFO  ce[AX-RZiVYdAVMd9Zm0a8W][o.s.c.t.s.ComputationStepExecutor] Compute new coverage | status=SUCCESS | time=182ms
2022.03.16 11:54:27 INFO  ce[AX-RZiVYdAVMd9Zm0a8W][o.s.c.t.s.ComputationStepExecutor] Compute coverage measures | status=SUCCESS | time=9ms
2022.03.16 11:54:27 INFO  ce[AX-RZiVYdAVMd9Zm0a8W][o.s.c.t.s.ComputationStepExecutor] Compute comment measures | status=SUCCESS | time=4ms
2022.03.16 11:54:27 INFO  ce[AX-RZiVYdAVMd9Zm0a8W][o.s.c.t.s.ComputationStepExecutor] Compute duplication measures | status=SUCCESS | time=1ms
2022.03.16 11:54:27 INFO  ce[AX-RZiVYdAVMd9Zm0a8W][o.s.c.t.s.ComputationStepExecutor] Compute size measures on new code | status=SUCCESS | time=1ms
2022.03.16 11:54:27 INFO  ce[AX-RZiVYdAVMd9Zm0a8W][o.s.c.t.s.ComputationStepExecutor] Compute language distribution | status=SUCCESS | time=20ms
2022.03.16 11:54:27 INFO  ce[AX-RZiVYdAVMd9Zm0a8W][o.s.c.t.s.ComputationStepExecutor] Compute test measures | status=SUCCESS | time=0ms
2022.03.16 11:54:27 INFO  ce[AX-RZiVYdAVMd9Zm0a8W][o.s.c.t.s.ComputationStepExecutor] Compute complexity measures | status=SUCCESS | time=2ms
2022.03.16 11:54:27 INFO  ce[AX-RZiVYdAVMd9Zm0a8W][o.s.c.t.s.ComputationStepExecutor] Load measure computers | status=SUCCESS | time=2ms
2022.03.16 11:54:27 INFO  ce[AX-RZiVYdAVMd9Zm0a8W][o.s.c.t.s.ComputationStepExecutor] Compute Quality Profile status | status=SUCCESS | time=22ms
2022.03.16 11:54:27 INFO  ce[AX-RZiVYdAVMd9Zm0a8W][o.s.c.t.s.ComputationStepExecutor] Execute component visitors | status=SUCCESS | time=132ms
2022.03.16 11:54:27 INFO  ce[AX-RZiVYdAVMd9Zm0a8W][o.s.c.t.s.ComputationStepExecutor] Checks executed after computation of measures | status=SUCCESS | time=0ms
2022.03.16 11:54:27 INFO  ce[AX-RZiVYdAVMd9Zm0a8W][o.s.c.t.s.ComputationStepExecutor] Compute Quality Gate measures | status=SUCCESS | time=14ms
2022.03.16 11:54:27 INFO  ce[AX-RZiVYdAVMd9Zm0a8W][o.s.c.t.s.ComputationStepExecutor] Compute Quality profile measures | status=SUCCESS | time=5ms
2022.03.16 11:54:27 INFO  ce[AX-RZiVYdAVMd9Zm0a8W][o.s.c.t.s.ComputationStepExecutor] Generate Quality profile events | status=SUCCESS | time=4ms
2022.03.16 11:54:27 INFO  ce[AX-RZiVYdAVMd9Zm0a8W][o.s.c.t.s.ComputationStepExecutor] Generate Quality gate events | status=SUCCESS | time=3ms
2022.03.16 11:54:27 INFO  ce[AX-RZiVYdAVMd9Zm0a8W][o.s.c.t.s.ComputationStepExecutor] Check upgrade possibility for not analyzed code files. | status=SUCCESS | time=2ms
2022.03.16 11:54:27 INFO  ce[AX-RZiVYdAVMd9Zm0a8W][o.s.c.t.s.ComputationStepExecutor] Persist components | status=SUCCESS | time=27ms
2022.03.16 11:54:27 INFO  ce[AX-RZiVYdAVMd9Zm0a8W][o.s.c.t.s.ComputationStepExecutor] Persist analysis | status=SUCCESS | time=4ms
2022.03.16 11:54:27 INFO  ce[AX-RZiVYdAVMd9Zm0a8W][o.s.c.t.s.ComputationStepExecutor] Persist analysis properties | status=SUCCESS | time=7ms
2022.03.16 11:54:27 INFO  ce[AX-RZiVYdAVMd9Zm0a8W][o.s.c.t.s.ComputationStepExecutor] Persist measures | inserts=51 | status=SUCCESS | time=45ms
2022.03.16 11:54:28 INFO  ce[AX-RZiVYdAVMd9Zm0a8W][o.s.c.t.s.ComputationStepExecutor] Persist live measures | insertsOrUpdates=1310 | status=SUCCESS | time=428ms
2022.03.16 11:54:28 INFO  ce[AX-RZiVYdAVMd9Zm0a8W][o.s.c.t.s.ComputationStepExecutor] Persist duplication data | insertsOrUpdates=0 | status=SUCCESS | time=0ms
2022.03.16 11:54:28 INFO  ce[AX-RZiVYdAVMd9Zm0a8W][o.s.c.t.s.ComputationStepExecutor] Persist new ad hoc Rules | status=SUCCESS | time=2ms
2022.03.16 11:54:28 INFO  ce[AX-RZiVYdAVMd9Zm0a8W][o.s.c.t.s.ComputationStepExecutor] Persist issues | cacheSize=0 bytes | inserts=0 | updates=0 | merged=0 | status=SUCCESS | time=2ms
2022.03.16 11:54:28 INFO  ce[AX-RZiVYdAVMd9Zm0a8W][o.s.c.t.s.ComputationStepExecutor] Persist project links | status=SUCCESS | time=8ms
2022.03.16 11:54:28 INFO  ce[AX-RZiVYdAVMd9Zm0a8W][o.s.c.t.s.ComputationStepExecutor] Persist events | status=SUCCESS | time=4ms
2022.03.16 11:54:28 INFO  ce[AX-RZiVYdAVMd9Zm0a8W][o.s.c.t.s.ComputationStepExecutor] Persist sources | status=SUCCESS | time=129ms
2022.03.16 11:54:28 INFO  ce[AX-RZiVYdAVMd9Zm0a8W][o.s.c.t.s.ComputationStepExecutor] Persist cross project duplications | status=SUCCESS | time=0ms
2022.03.16 11:54:28 INFO  ce[AX-RZiVYdAVMd9Zm0a8W][o.s.c.t.s.ComputationStepExecutor] Enable analysis | status=SUCCESS | time=3ms
2022.03.16 11:54:28 INFO  ce[AX-RZiVYdAVMd9Zm0a8W][o.s.c.t.s.ComputationStepExecutor] Update last usage date of quality profiles | status=SUCCESS | time=8ms
2022.03.16 11:54:29 INFO  ce[AX-RZiVYdAVMd9Zm0a8W][o.s.c.t.s.ComputationStepExecutor] Purge db | status=SUCCESS | time=477ms
2022.03.16 11:54:29 INFO  ce[AX-RZiVYdAVMd9Zm0a8W][o.s.c.t.s.ComputationStepExecutor] Index analysis | status=SUCCESS | time=624ms
2022.03.16 11:54:29 INFO  ce[AX-RZiVYdAVMd9Zm0a8W][o.s.c.t.s.ComputationStepExecutor] Update need issue sync for branch | status=SUCCESS | time=3ms
2022.03.16 11:54:29 INFO  ce[AX-RZiVYdAVMd9Zm0a8W][o.s.c.t.s.ComputationStepExecutor] Send issue notifications | newIssuesNotifs=0 | newIssuesDeliveries=0 | myNewIssuesNotifs=0 | myNewIssuesDeliveries=0 | changesNotifs=0 | changesDeliveries=0 | status=SUCCESS | time=5ms
2022.03.16 11:54:29 INFO  ce[AX-RZiVYdAVMd9Zm0a8W][o.s.c.t.s.ComputationStepExecutor] Publish task results | status=SUCCESS | time=0ms
2022.03.16 11:54:29 INFO  ce[AX-RZiVYdAVMd9Zm0a8W][o.s.c.t.s.ComputationStepExecutor] Trigger refresh of Portfolios and Applications | status=SUCCESS | time=0ms
2022.03.16 11:54:29 INFO  ce[AX-RZiVYdAVMd9Zm0a8W][o.s.c.t.p.a.p.PostProjectAnalysisTasksExecutor] Webhooks | globalWebhooks=0 | projectWebhooks=0 | status=SUCCESS | time=9ms
2022.03.16 11:54:29 INFO  ce[AX-RZiVYdAVMd9Zm0a8W][o.s.c.t.CeWorkerImpl] Executed task | project=com:project | type=REPORT | id=AX-RZiVYdAVMd9Zm0a8W | status=SUCCESS | time=4578ms
2022.03.16 11:58:57 INFO  ce[][o.s.c.t.CeWorkerImpl] Execute task | project=com:project | type=REPORT | id=AX-RakgGdAVMd9Zm0a8X
2022.03.16 11:58:57 INFO  ce[AX-RakgGdAVMd9Zm0a8X][o.s.c.t.s.ComputationStepExecutor] Extract report | status=SUCCESS | time=185ms
2022.03.16 11:58:57 INFO  ce[AX-RakgGdAVMd9Zm0a8X][o.s.c.t.s.ComputationStepExecutor] Persist scanner context | status=SUCCESS | time=5ms
2022.03.16 11:58:57 INFO  ce[AX-RakgGdAVMd9Zm0a8X][o.s.c.t.s.ComputationStepExecutor] Propagate analysis warnings from scanner report | status=SUCCESS | time=4ms
2022.03.16 11:58:57 INFO  ce[AX-RakgGdAVMd9Zm0a8X][o.s.c.t.s.ComputationStepExecutor] Generate analysis UUID | status=SUCCESS | time=0ms
2022.03.16 11:58:57 INFO  ce[AX-RakgGdAVMd9Zm0a8X][o.s.c.t.s.ComputationStepExecutor] Load analysis metadata | status=SUCCESS | time=7ms
2022.03.16 11:58:57 INFO  ce[AX-RakgGdAVMd9Zm0a8X][o.s.c.t.s.ComputationStepExecutor] Initialize | status=SUCCESS | time=0ms
2022.03.16 11:58:57 INFO  ce[AX-RakgGdAVMd9Zm0a8X][o.s.c.t.s.ComputationStepExecutor] Build tree of components | components=29 | status=SUCCESS | time=19ms
2022.03.16 11:58:57 INFO  ce[AX-RakgGdAVMd9Zm0a8X][o.s.c.t.s.ComputationStepExecutor] Validate project | status=SUCCESS | time=4ms
2022.03.16 11:58:58 INFO  ce[AX-RakgGdAVMd9Zm0a8X][o.s.c.t.s.ComputationStepExecutor] Load quality profiles | status=SUCCESS | time=1010ms
2022.03.16 11:58:58 INFO  ce[AX-RakgGdAVMd9Zm0a8X][o.s.c.t.s.ComputationStepExecutor] Load Quality gate | status=SUCCESS | time=6ms
2022.03.16 11:58:58 INFO  ce[AX-RakgGdAVMd9Zm0a8X][o.s.c.t.s.ComputationStepExecutor] Load new code period | status=SUCCESS | time=3ms
2022.03.16 11:58:59 INFO  ce[AX-RakgGdAVMd9Zm0a8X][o.s.c.t.s.ComputationStepExecutor] Detect file moves | reportFiles=17 | dbFiles=17 | addedFiles=0 | status=SUCCESS | time=2ms
2022.03.16 11:58:59 INFO  ce[AX-RakgGdAVMd9Zm0a8X][o.s.c.t.s.ComputationStepExecutor] Load duplications | duplications=0 | status=SUCCESS | time=4ms
2022.03.16 11:58:59 INFO  ce[AX-RakgGdAVMd9Zm0a8X][o.s.c.t.s.ComputationStepExecutor] Compute cross project duplications | status=SUCCESS | time=0ms
2022.03.16 11:58:59 INFO  ce[AX-RakgGdAVMd9Zm0a8X][o.s.c.t.s.ComputationStepExecutor] Compute size measures | status=SUCCESS | time=9ms
2022.03.16 11:58:59 INFO  ce[AX-RakgGdAVMd9Zm0a8X][o.s.c.t.s.ComputationStepExecutor] Compute new coverage | status=SUCCESS | time=105ms
2022.03.16 11:58:59 INFO  ce[AX-RakgGdAVMd9Zm0a8X][o.s.c.t.s.ComputationStepExecutor] Compute coverage measures | status=SUCCESS | time=7ms
2022.03.16 11:58:59 INFO  ce[AX-RakgGdAVMd9Zm0a8X][o.s.c.t.s.ComputationStepExecutor] Compute comment measures | status=SUCCESS | time=2ms
2022.03.16 11:58:59 INFO  ce[AX-RakgGdAVMd9Zm0a8X][o.s.c.t.s.ComputationStepExecutor] Compute duplication measures | status=SUCCESS | time=1ms
2022.03.16 11:58:59 INFO  ce[AX-RakgGdAVMd9Zm0a8X][o.s.c.t.s.ComputationStepExecutor] Compute size measures on new code | status=SUCCESS | time=0ms
2022.03.16 11:58:59 INFO  ce[AX-RakgGdAVMd9Zm0a8X][o.s.c.t.s.ComputationStepExecutor] Compute language distribution | status=SUCCESS | time=1ms
2022.03.16 11:58:59 INFO  ce[AX-RakgGdAVMd9Zm0a8X][o.s.c.t.s.ComputationStepExecutor] Compute test measures | status=SUCCESS | time=0ms
2022.03.16 11:58:59 INFO  ce[AX-RakgGdAVMd9Zm0a8X][o.s.c.t.s.ComputationStepExecutor] Compute complexity measures | status=SUCCESS | time=1ms
2022.03.16 11:58:59 INFO  ce[AX-RakgGdAVMd9Zm0a8X][o.s.c.t.s.ComputationStepExecutor] Load measure computers | status=SUCCESS | time=0ms
2022.03.16 11:58:59 INFO  ce[AX-RakgGdAVMd9Zm0a8X][o.s.c.t.s.ComputationStepExecutor] Compute Quality Profile status | status=SUCCESS | time=5ms
2022.03.16 11:58:59 INFO  ce[AX-RakgGdAVMd9Zm0a8X][o.s.c.t.s.ComputationStepExecutor] Execute component visitors | status=SUCCESS | time=69ms
2022.03.16 11:58:59 INFO  ce[AX-RakgGdAVMd9Zm0a8X][o.s.c.t.s.ComputationStepExecutor] Checks executed after computation of measures | status=SUCCESS | time=0ms
2022.03.16 11:58:59 INFO  ce[AX-RakgGdAVMd9Zm0a8X][o.s.c.t.s.ComputationStepExecutor] Compute Quality Gate measures | status=SUCCESS | time=3ms
2022.03.16 11:58:59 INFO  ce[AX-RakgGdAVMd9Zm0a8X][o.s.c.t.s.ComputationStepExecutor] Compute Quality profile measures | status=SUCCESS | time=1ms
2022.03.16 11:58:59 INFO  ce[AX-RakgGdAVMd9Zm0a8X][o.s.c.t.s.ComputationStepExecutor] Generate Quality profile events | status=SUCCESS | time=2ms
2022.03.16 11:58:59 INFO  ce[AX-RakgGdAVMd9Zm0a8X][o.s.c.t.s.ComputationStepExecutor] Generate Quality gate events | status=SUCCESS | time=2ms
2022.03.16 11:58:59 INFO  ce[AX-RakgGdAVMd9Zm0a8X][o.s.c.t.s.ComputationStepExecutor] Check upgrade possibility for not analyzed code files. | status=SUCCESS | time=0ms
2022.03.16 11:58:59 INFO  ce[AX-RakgGdAVMd9Zm0a8X][o.s.c.t.s.ComputationStepExecutor] Persist components | status=SUCCESS | time=7ms
2022.03.16 11:58:59 INFO  ce[AX-RakgGdAVMd9Zm0a8X][o.s.c.t.s.ComputationStepExecutor] Persist analysis | status=SUCCESS | time=2ms
2022.03.16 11:58:59 INFO  ce[AX-RakgGdAVMd9Zm0a8X][o.s.c.t.s.ComputationStepExecutor] Persist analysis properties | status=SUCCESS | time=2ms
2022.03.16 11:58:59 INFO  ce[AX-RakgGdAVMd9Zm0a8X][o.s.c.t.s.ComputationStepExecutor] Persist measures | inserts=51 | status=SUCCESS | time=15ms
2022.03.16 11:58:59 INFO  ce[AX-RakgGdAVMd9Zm0a8X][o.s.c.t.s.ComputationStepExecutor] Persist live measures | insertsOrUpdates=1312 | status=SUCCESS | time=333ms
2022.03.16 11:58:59 INFO  ce[AX-RakgGdAVMd9Zm0a8X][o.s.c.t.s.ComputationStepExecutor] Persist duplication data | insertsOrUpdates=0 | status=SUCCESS | time=1ms
2022.03.16 11:58:59 INFO  ce[AX-RakgGdAVMd9Zm0a8X][o.s.c.t.s.ComputationStepExecutor] Persist new ad hoc Rules | status=SUCCESS | time=0ms
2022.03.16 11:58:59 INFO  ce[AX-RakgGdAVMd9Zm0a8X][o.s.c.t.s.ComputationStepExecutor] Persist issues | cacheSize=0 bytes | inserts=0 | updates=0 | merged=0 | status=SUCCESS | time=1ms
2022.03.16 11:58:59 INFO  ce[AX-RakgGdAVMd9Zm0a8X][o.s.c.t.s.ComputationStepExecutor] Persist project links | status=SUCCESS | time=4ms
2022.03.16 11:58:59 INFO  ce[AX-RakgGdAVMd9Zm0a8X][o.s.c.t.s.ComputationStepExecutor] Persist events | status=SUCCESS | time=3ms
2022.03.16 11:58:59 INFO  ce[AX-RakgGdAVMd9Zm0a8X][o.s.c.t.s.ComputationStepExecutor] Persist sources | status=SUCCESS | time=79ms
2022.03.16 11:58:59 INFO  ce[AX-RakgGdAVMd9Zm0a8X][o.s.c.t.s.ComputationStepExecutor] Persist cross project duplications | status=SUCCESS | time=0ms
2022.03.16 11:58:59 INFO  ce[AX-RakgGdAVMd9Zm0a8X][o.s.c.t.s.ComputationStepExecutor] Enable analysis | status=SUCCESS | time=2ms
2022.03.16 11:58:59 INFO  ce[AX-RakgGdAVMd9Zm0a8X][o.s.c.t.s.ComputationStepExecutor] Update last usage date of quality profiles | status=SUCCESS | time=3ms
2022.03.16 11:58:59 INFO  ce[AX-RakgGdAVMd9Zm0a8X][o.s.c.t.s.ComputationStepExecutor] Purge db | status=SUCCESS | time=35ms
2022.03.16 11:59:00 INFO  ce[AX-RakgGdAVMd9Zm0a8X][o.s.c.t.s.ComputationStepExecutor] Index analysis | status=SUCCESS | time=557ms
2022.03.16 11:59:00 INFO  ce[AX-RakgGdAVMd9Zm0a8X][o.s.c.t.s.ComputationStepExecutor] Update need issue sync for branch | status=SUCCESS | time=3ms
2022.03.16 11:59:00 INFO  ce[AX-RakgGdAVMd9Zm0a8X][o.s.c.t.s.ComputationStepExecutor] Send issue notifications | newIssuesNotifs=0 | newIssuesDeliveries=0 | myNewIssuesNotifs=0 | myNewIssuesDeliveries=0 | changesNotifs=0 | changesDeliveries=0 | status=SUCCESS | time=2ms
2022.03.16 11:59:00 INFO  ce[AX-RakgGdAVMd9Zm0a8X][o.s.c.t.s.ComputationStepExecutor] Publish task results | status=SUCCESS | time=0ms
2022.03.16 11:59:00 INFO  ce[AX-RakgGdAVMd9Zm0a8X][o.s.c.t.s.ComputationStepExecutor] Trigger refresh of Portfolios and Applications | status=SUCCESS | time=0ms
2022.03.16 11:59:00 INFO  ce[AX-RakgGdAVMd9Zm0a8X][o.s.c.t.p.a.p.PostProjectAnalysisTasksExecutor] Webhooks | globalWebhooks=0 | projectWebhooks=0 | status=SUCCESS | time=3ms
2022.03.16 11:59:00 INFO  ce[AX-RakgGdAVMd9Zm0a8X][o.s.c.t.CeWorkerImpl] Executed task | project=com:project | type=REPORT | id=AX-RakgGdAVMd9Zm0a8X | status=SUCCESS | time=2736ms
2022.03.16 12:03:20 INFO  ce[][o.s.c.t.CeWorkerImpl] Execute task | project=com:project | type=REPORT | id=AX-RbkuNdAVMd9Zm0a8Y
2022.03.16 12:03:20 INFO  ce[AX-RbkuNdAVMd9Zm0a8Y][o.s.c.t.s.ComputationStepExecutor] Extract report | status=SUCCESS | time=238ms
2022.03.16 12:03:21 INFO  ce[AX-RbkuNdAVMd9Zm0a8Y][o.s.c.t.s.ComputationStepExecutor] Persist scanner context | status=SUCCESS | time=28ms
2022.03.16 12:03:21 INFO  ce[AX-RbkuNdAVMd9Zm0a8Y][o.s.c.t.s.ComputationStepExecutor] Propagate analysis warnings from scanner report | status=SUCCESS | time=6ms
2022.03.16 12:03:21 INFO  ce[AX-RbkuNdAVMd9Zm0a8Y][o.s.c.t.s.ComputationStepExecutor] Generate analysis UUID | status=SUCCESS | time=0ms
2022.03.16 12:03:21 INFO  ce[AX-RbkuNdAVMd9Zm0a8Y][o.s.c.t.s.ComputationStepExecutor] Load analysis metadata | status=SUCCESS | time=7ms
2022.03.16 12:03:21 INFO  ce[AX-RbkuNdAVMd9Zm0a8Y][o.s.c.t.s.ComputationStepExecutor] Initialize | status=SUCCESS | time=0ms
2022.03.16 12:03:21 INFO  ce[AX-RbkuNdAVMd9Zm0a8Y][o.s.c.t.s.ComputationStepExecutor] Build tree of components | components=29 | status=SUCCESS | time=25ms
2022.03.16 12:03:21 INFO  ce[AX-RbkuNdAVMd9Zm0a8Y][o.s.c.t.s.ComputationStepExecutor] Validate project | status=SUCCESS | time=3ms
2022.03.16 12:03:22 INFO  ce[AX-RbkuNdAVMd9Zm0a8Y][o.s.c.t.s.ComputationStepExecutor] Load quality profiles | status=SUCCESS | time=1172ms
2022.03.16 12:03:22 INFO  ce[AX-RbkuNdAVMd9Zm0a8Y][o.s.c.t.s.ComputationStepExecutor] Load Quality gate | status=SUCCESS | time=8ms
2022.03.16 12:03:22 INFO  ce[AX-RbkuNdAVMd9Zm0a8Y][o.s.c.t.s.ComputationStepExecutor] Load new code period | status=SUCCESS | time=4ms
2022.03.16 12:03:22 INFO  ce[AX-RbkuNdAVMd9Zm0a8Y][o.s.c.t.s.ComputationStepExecutor] Detect file moves | reportFiles=17 | dbFiles=17 | addedFiles=0 | status=SUCCESS | time=3ms
2022.03.16 12:03:22 INFO  ce[AX-RbkuNdAVMd9Zm0a8Y][o.s.c.t.s.ComputationStepExecutor] Load duplications | duplications=0 | status=SUCCESS | time=4ms
2022.03.16 12:03:22 INFO  ce[AX-RbkuNdAVMd9Zm0a8Y][o.s.c.t.s.ComputationStepExecutor] Compute cross project duplications | status=SUCCESS | time=0ms
2022.03.16 12:03:22 INFO  ce[AX-RbkuNdAVMd9Zm0a8Y][o.s.c.t.s.ComputationStepExecutor] Compute size measures | status=SUCCESS | time=10ms
2022.03.16 12:03:22 INFO  ce[AX-RbkuNdAVMd9Zm0a8Y][o.s.c.t.s.ComputationStepExecutor] Compute new coverage | status=SUCCESS | time=67ms
2022.03.16 12:03:22 INFO  ce[AX-RbkuNdAVMd9Zm0a8Y][o.s.c.t.s.ComputationStepExecutor] Compute coverage measures | status=SUCCESS | time=5ms
2022.03.16 12:03:22 INFO  ce[AX-RbkuNdAVMd9Zm0a8Y][o.s.c.t.s.ComputationStepExecutor] Compute comment measures | status=SUCCESS | time=1ms
2022.03.16 12:03:22 INFO  ce[AX-RbkuNdAVMd9Zm0a8Y][o.s.c.t.s.ComputationStepExecutor] Compute duplication measures | status=SUCCESS | time=0ms
2022.03.16 12:03:22 INFO  ce[AX-RbkuNdAVMd9Zm0a8Y][o.s.c.t.s.ComputationStepExecutor] Compute size measures on new code | status=SUCCESS | time=1ms
2022.03.16 12:03:22 INFO  ce[AX-RbkuNdAVMd9Zm0a8Y][o.s.c.t.s.ComputationStepExecutor] Compute language distribution | status=SUCCESS | time=1ms
2022.03.16 12:03:22 INFO  ce[AX-RbkuNdAVMd9Zm0a8Y][o.s.c.t.s.ComputationStepExecutor] Compute test measures | status=SUCCESS | time=0ms
2022.03.16 12:03:22 INFO  ce[AX-RbkuNdAVMd9Zm0a8Y][o.s.c.t.s.ComputationStepExecutor] Compute complexity measures | status=SUCCESS | time=1ms
2022.03.16 12:03:22 INFO  ce[AX-RbkuNdAVMd9Zm0a8Y][o.s.c.t.s.ComputationStepExecutor] Load measure computers | status=SUCCESS | time=0ms
2022.03.16 12:03:22 INFO  ce[AX-RbkuNdAVMd9Zm0a8Y][o.s.c.t.s.ComputationStepExecutor] Compute Quality Profile status | status=SUCCESS | time=6ms
2022.03.16 12:03:22 INFO  ce[AX-RbkuNdAVMd9Zm0a8Y][o.s.c.t.s.ComputationStepExecutor] Execute component visitors | status=SUCCESS | time=77ms
2022.03.16 12:03:22 INFO  ce[AX-RbkuNdAVMd9Zm0a8Y][o.s.c.t.s.ComputationStepExecutor] Checks executed after computation of measures | status=SUCCESS | time=0ms
2022.03.16 12:03:22 INFO  ce[AX-RbkuNdAVMd9Zm0a8Y][o.s.c.t.s.ComputationStepExecutor] Compute Quality Gate measures | status=SUCCESS | time=2ms
2022.03.16 12:03:22 INFO  ce[AX-RbkuNdAVMd9Zm0a8Y][o.s.c.t.s.ComputationStepExecutor] Compute Quality profile measures | status=SUCCESS | time=0ms
2022.03.16 12:03:22 INFO  ce[AX-RbkuNdAVMd9Zm0a8Y][o.s.c.t.s.ComputationStepExecutor] Generate Quality profile events | status=SUCCESS | time=3ms
2022.03.16 12:03:22 INFO  ce[AX-RbkuNdAVMd9Zm0a8Y][o.s.c.t.s.ComputationStepExecutor] Generate Quality gate events | status=SUCCESS | time=2ms
2022.03.16 12:03:22 INFO  ce[AX-RbkuNdAVMd9Zm0a8Y][o.s.c.t.s.ComputationStepExecutor] Check upgrade possibility for not analyzed code files. | status=SUCCESS | time=1ms
2022.03.16 12:03:22 INFO  ce[AX-RbkuNdAVMd9Zm0a8Y][o.s.c.t.s.ComputationStepExecutor] Persist components | status=SUCCESS | time=9ms
2022.03.16 12:03:22 INFO  ce[AX-RbkuNdAVMd9Zm0a8Y][o.s.c.t.s.ComputationStepExecutor] Persist analysis | status=SUCCESS | time=2ms
2022.03.16 12:03:22 INFO  ce[AX-RbkuNdAVMd9Zm0a8Y][o.s.c.t.s.ComputationStepExecutor] Persist analysis properties | status=SUCCESS | time=3ms
2022.03.16 12:03:22 INFO  ce[AX-RbkuNdAVMd9Zm0a8Y][o.s.c.t.s.ComputationStepExecutor] Persist measures | inserts=51 | status=SUCCESS | time=15ms
2022.03.16 12:03:22 INFO  ce[AX-RbkuNdAVMd9Zm0a8Y][o.s.c.t.s.ComputationStepExecutor] Persist live measures | insertsOrUpdates=1312 | status=SUCCESS | time=362ms
2022.03.16 12:03:22 INFO  ce[AX-RbkuNdAVMd9Zm0a8Y][o.s.c.t.s.ComputationStepExecutor] Persist duplication data | insertsOrUpdates=0 | status=SUCCESS | time=0ms
2022.03.16 12:03:22 INFO  ce[AX-RbkuNdAVMd9Zm0a8Y][o.s.c.t.s.ComputationStepExecutor] Persist new ad hoc Rules | status=SUCCESS | time=0ms
2022.03.16 12:03:22 INFO  ce[AX-RbkuNdAVMd9Zm0a8Y][o.s.c.t.s.ComputationStepExecutor] Persist issues | cacheSize=0 bytes | inserts=0 | updates=0 | merged=0 | status=SUCCESS | time=1ms
2022.03.16 12:03:22 INFO  ce[AX-RbkuNdAVMd9Zm0a8Y][o.s.c.t.s.ComputationStepExecutor] Persist project links | status=SUCCESS | time=5ms
2022.03.16 12:03:22 INFO  ce[AX-RbkuNdAVMd9Zm0a8Y][o.s.c.t.s.ComputationStepExecutor] Persist events | status=SUCCESS | time=5ms
2022.03.16 12:03:22 INFO  ce[AX-RbkuNdAVMd9Zm0a8Y][o.s.c.t.s.ComputationStepExecutor] Persist sources | status=SUCCESS | time=80ms
2022.03.16 12:03:22 INFO  ce[AX-RbkuNdAVMd9Zm0a8Y][o.s.c.t.s.ComputationStepExecutor] Persist cross project duplications | status=SUCCESS | time=0ms
2022.03.16 12:03:22 INFO  ce[AX-RbkuNdAVMd9Zm0a8Y][o.s.c.t.s.ComputationStepExecutor] Enable analysis | status=SUCCESS | time=6ms
2022.03.16 12:03:22 INFO  ce[AX-RbkuNdAVMd9Zm0a8Y][o.s.c.t.s.ComputationStepExecutor] Update last usage date of quality profiles | status=SUCCESS | time=6ms
2022.03.16 12:03:23 INFO  ce[AX-RbkuNdAVMd9Zm0a8Y][o.s.c.t.s.ComputationStepExecutor] Purge db | status=SUCCESS | time=40ms
2022.03.16 12:03:23 INFO  ce[AX-RbkuNdAVMd9Zm0a8Y][o.s.c.t.s.ComputationStepExecutor] Index analysis | status=SUCCESS | time=747ms
2022.03.16 12:03:23 INFO  ce[AX-RbkuNdAVMd9Zm0a8Y][o.s.c.t.s.ComputationStepExecutor] Update need issue sync for branch | status=SUCCESS | time=3ms
2022.03.16 12:03:23 INFO  ce[AX-RbkuNdAVMd9Zm0a8Y][o.s.c.t.s.ComputationStepExecutor] Send issue notifications | newIssuesNotifs=0 | newIssuesDeliveries=0 | myNewIssuesNotifs=0 | myNewIssuesDeliveries=0 | changesNotifs=0 | changesDeliveries=0 | status=SUCCESS | time=2ms
2022.03.16 12:03:23 INFO  ce[AX-RbkuNdAVMd9Zm0a8Y][o.s.c.t.s.ComputationStepExecutor] Publish task results | status=SUCCESS | time=0ms
2022.03.16 12:03:23 INFO  ce[AX-RbkuNdAVMd9Zm0a8Y][o.s.c.t.s.ComputationStepExecutor] Trigger refresh of Portfolios and Applications | status=SUCCESS | time=0ms
2022.03.16 12:03:23 INFO  ce[AX-RbkuNdAVMd9Zm0a8Y][o.s.c.t.p.a.p.PostProjectAnalysisTasksExecutor] Webhooks | globalWebhooks=0 | projectWebhooks=0 | status=SUCCESS | time=2ms
2022.03.16 12:03:24 INFO  ce[AX-RbkuNdAVMd9Zm0a8Y][o.s.c.t.CeWorkerImpl] Executed task | project=com:project | type=REPORT | id=AX-RbkuNdAVMd9Zm0a8Y | status=SUCCESS | time=3419ms
