2022.03.22 12:34:13 INFO  ce[][o.s.p.ProcessEntryPoint] Starting ce
2022.03.22 12:34:14 INFO  ce[][o.s.ce.app.CeServer] Compute Engine starting up...
2022.03.22 12:34:14 INFO  ce[][o.s.s.e.EsClientProvider] Connected to local Elasticsearch: [http://127.0.0.1:9001]
2022.03.22 12:34:15 INFO  ce[][o.sonar.db.Database] Create JDBC data source for jdbc:h2:tcp://127.0.0.1:9092/sonar
2022.03.22 12:34:15 WARN  ce[][o.s.db.dialect.H2] H2 database should be used for evaluation purpose only.
2022.03.22 12:34:16 INFO  ce[][o.s.s.p.ServerFileSystemImpl] SonarQube home: C:\Users\skaderi\IntellJ-workspace\bug-tracker\sonarqube-9.3.0.51899
2022.03.22 12:34:16 INFO  ce[][o.s.c.c.CePluginRepository] Load plugins
2022.03.22 12:34:17 INFO  ce[][o.s.c.c.ComputeEngineContainerImpl] Running Community edition
2022.03.22 12:34:17 INFO  ce[][o.s.ce.app.CeServer] Compute Engine is operational
2022.03.22 13:16:29 INFO  ce[][o.s.c.t.CeWorkerImpl] Execute task | project=com.bugtracker:user-service | type=REPORT | id=AX-wl216O2DsjP15_OoH
2022.03.22 13:16:31 INFO  ce[AX-wl216O2DsjP15_OoH][o.s.c.t.s.ComputationStepExecutor] Extract report | status=SUCCESS | time=395ms
2022.03.22 13:16:31 INFO  ce[AX-wl216O2DsjP15_OoH][o.s.c.t.s.ComputationStepExecutor] Persist scanner context | status=SUCCESS | time=10ms
2022.03.22 13:16:31 INFO  ce[AX-wl216O2DsjP15_OoH][o.s.c.t.s.ComputationStepExecutor] Propagate analysis warnings from scanner report | status=SUCCESS | time=0ms
2022.03.22 13:16:31 INFO  ce[AX-wl216O2DsjP15_OoH][o.s.c.t.s.ComputationStepExecutor] Generate analysis UUID | status=SUCCESS | time=0ms
2022.03.22 13:16:31 INFO  ce[AX-wl216O2DsjP15_OoH][o.s.c.t.s.ComputationStepExecutor] Load analysis metadata | status=SUCCESS | time=100ms
2022.03.22 13:16:31 INFO  ce[AX-wl216O2DsjP15_OoH][o.s.c.t.s.ComputationStepExecutor] Initialize | status=SUCCESS | time=0ms
2022.03.22 13:16:31 INFO  ce[AX-wl216O2DsjP15_OoH][o.s.c.t.s.ComputationStepExecutor] Build tree of components | components=49 | status=SUCCESS | time=80ms
2022.03.22 13:16:31 INFO  ce[AX-wl216O2DsjP15_OoH][o.s.c.t.s.ComputationStepExecutor] Validate project | status=SUCCESS | time=5ms
2022.03.22 13:16:33 INFO  ce[AX-wl216O2DsjP15_OoH][o.s.c.t.s.ComputationStepExecutor] Load quality profiles | status=SUCCESS | time=1996ms
2022.03.22 13:16:33 INFO  ce[AX-wl216O2DsjP15_OoH][o.s.c.t.s.ComputationStepExecutor] Load Quality gate | status=SUCCESS | time=22ms
2022.03.22 13:16:33 INFO  ce[AX-wl216O2DsjP15_OoH][o.s.c.t.s.ComputationStepExecutor] Load new code period | status=SUCCESS | time=17ms
2022.03.22 13:16:33 INFO  ce[AX-wl216O2DsjP15_OoH][o.s.c.t.s.ComputationStepExecutor] Detect file moves | reportFiles=32 | dbFiles=32 | addedFiles=0 | status=SUCCESS | time=23ms
2022.03.22 13:16:33 INFO  ce[AX-wl216O2DsjP15_OoH][o.s.c.t.s.ComputationStepExecutor] Load duplications | duplications=0 | status=SUCCESS | time=23ms
2022.03.22 13:16:33 INFO  ce[AX-wl216O2DsjP15_OoH][o.s.c.t.s.ComputationStepExecutor] Compute cross project duplications | status=SUCCESS | time=0ms
2022.03.22 13:16:33 INFO  ce[AX-wl216O2DsjP15_OoH][o.s.c.t.s.ComputationStepExecutor] Compute size measures | status=SUCCESS | time=144ms
2022.03.22 13:16:33 INFO  ce[AX-wl216O2DsjP15_OoH][o.s.c.t.s.ComputationStepExecutor] Compute new coverage | status=SUCCESS | time=217ms
2022.03.22 13:16:33 INFO  ce[AX-wl216O2DsjP15_OoH][o.s.c.t.s.ComputationStepExecutor] Compute coverage measures | status=SUCCESS | time=16ms
2022.03.22 13:16:33 INFO  ce[AX-wl216O2DsjP15_OoH][o.s.c.t.s.ComputationStepExecutor] Compute comment measures | status=SUCCESS | time=3ms
2022.03.22 13:16:33 INFO  ce[AX-wl216O2DsjP15_OoH][o.s.c.t.s.ComputationStepExecutor] Compute duplication measures | status=SUCCESS | time=2ms
2022.03.22 13:16:33 INFO  ce[AX-wl216O2DsjP15_OoH][o.s.c.t.s.ComputationStepExecutor] Compute size measures on new code | status=SUCCESS | time=2ms
2022.03.22 13:16:33 INFO  ce[AX-wl216O2DsjP15_OoH][o.s.c.t.s.ComputationStepExecutor] Compute language distribution | status=SUCCESS | time=22ms
2022.03.22 13:16:33 INFO  ce[AX-wl216O2DsjP15_OoH][o.s.c.t.s.ComputationStepExecutor] Compute test measures | status=SUCCESS | time=1ms
2022.03.22 13:16:33 INFO  ce[AX-wl216O2DsjP15_OoH][o.s.c.t.s.ComputationStepExecutor] Compute complexity measures | status=SUCCESS | time=3ms
2022.03.22 13:16:33 INFO  ce[AX-wl216O2DsjP15_OoH][o.s.c.t.s.ComputationStepExecutor] Load measure computers | status=SUCCESS | time=2ms
2022.03.22 13:16:33 INFO  ce[AX-wl216O2DsjP15_OoH][o.s.c.t.s.ComputationStepExecutor] Compute Quality Profile status | status=SUCCESS | time=22ms
2022.03.22 13:16:34 INFO  ce[AX-wl216O2DsjP15_OoH][o.s.c.t.s.ComputationStepExecutor] Execute component visitors | status=SUCCESS | time=194ms
2022.03.22 13:16:34 INFO  ce[AX-wl216O2DsjP15_OoH][o.s.c.t.s.ComputationStepExecutor] Checks executed after computation of measures | status=SUCCESS | time=0ms
2022.03.22 13:16:34 INFO  ce[AX-wl216O2DsjP15_OoH][o.s.c.t.s.ComputationStepExecutor] Compute Quality Gate measures | status=SUCCESS | time=10ms
2022.03.22 13:16:34 INFO  ce[AX-wl216O2DsjP15_OoH][o.s.c.t.s.ComputationStepExecutor] Compute Quality profile measures | status=SUCCESS | time=6ms
2022.03.22 13:16:34 INFO  ce[AX-wl216O2DsjP15_OoH][o.s.c.t.s.ComputationStepExecutor] Generate Quality profile events | status=SUCCESS | time=4ms
2022.03.22 13:16:34 INFO  ce[AX-wl216O2DsjP15_OoH][o.s.c.t.s.ComputationStepExecutor] Generate Quality gate events | status=SUCCESS | time=3ms
2022.03.22 13:16:34 INFO  ce[AX-wl216O2DsjP15_OoH][o.s.c.t.s.ComputationStepExecutor] Check upgrade possibility for not analyzed code files. | status=SUCCESS | time=3ms
2022.03.22 13:16:34 INFO  ce[AX-wl216O2DsjP15_OoH][o.s.c.t.s.ComputationStepExecutor] Persist components | status=SUCCESS | time=27ms
2022.03.22 13:16:34 INFO  ce[AX-wl216O2DsjP15_OoH][o.s.c.t.s.ComputationStepExecutor] Persist analysis | status=SUCCESS | time=2ms
2022.03.22 13:16:34 INFO  ce[AX-wl216O2DsjP15_OoH][o.s.c.t.s.ComputationStepExecutor] Persist analysis properties | status=SUCCESS | time=7ms
2022.03.22 13:16:34 INFO  ce[AX-wl216O2DsjP15_OoH][o.s.c.t.s.ComputationStepExecutor] Persist measures | inserts=58 | status=SUCCESS | time=34ms
2022.03.22 13:16:34 INFO  ce[AX-wl216O2DsjP15_OoH][o.s.c.t.s.ComputationStepExecutor] Persist live measures | insertsOrUpdates=2137 | status=SUCCESS | time=476ms
2022.03.22 13:16:34 INFO  ce[AX-wl216O2DsjP15_OoH][o.s.c.t.s.ComputationStepExecutor] Persist duplication data | insertsOrUpdates=0 | status=SUCCESS | time=1ms
2022.03.22 13:16:34 INFO  ce[AX-wl216O2DsjP15_OoH][o.s.c.t.s.ComputationStepExecutor] Persist new ad hoc Rules | status=SUCCESS | time=1ms
2022.03.22 13:16:34 INFO  ce[AX-wl216O2DsjP15_OoH][o.s.c.t.s.ComputationStepExecutor] Persist issues | cacheSize=0 bytes | inserts=0 | updates=0 | merged=0 | status=SUCCESS | time=4ms
2022.03.22 13:16:34 INFO  ce[AX-wl216O2DsjP15_OoH][o.s.c.t.s.ComputationStepExecutor] Persist project links | status=SUCCESS | time=12ms
2022.03.22 13:16:34 INFO  ce[AX-wl216O2DsjP15_OoH][o.s.c.t.s.ComputationStepExecutor] Persist events | status=SUCCESS | time=8ms
2022.03.22 13:16:34 INFO  ce[AX-wl216O2DsjP15_OoH][o.s.c.t.s.ComputationStepExecutor] Persist sources | status=SUCCESS | time=185ms
2022.03.22 13:16:34 INFO  ce[AX-wl216O2DsjP15_OoH][o.s.c.t.s.ComputationStepExecutor] Persist cross project duplications | status=SUCCESS | time=0ms
2022.03.22 13:16:34 INFO  ce[AX-wl216O2DsjP15_OoH][o.s.c.t.s.ComputationStepExecutor] Enable analysis | status=SUCCESS | time=3ms
2022.03.22 13:16:34 INFO  ce[AX-wl216O2DsjP15_OoH][o.s.c.t.s.ComputationStepExecutor] Update last usage date of quality profiles | status=SUCCESS | time=7ms
2022.03.22 13:16:35 INFO  ce[AX-wl216O2DsjP15_OoH][o.s.c.t.s.ComputationStepExecutor] Purge db | status=SUCCESS | time=552ms
2022.03.22 13:16:36 INFO  ce[AX-wl216O2DsjP15_OoH][o.s.c.t.s.ComputationStepExecutor] Index analysis | status=SUCCESS | time=953ms
2022.03.22 13:16:36 INFO  ce[AX-wl216O2DsjP15_OoH][o.s.c.t.s.ComputationStepExecutor] Update need issue sync for branch | status=SUCCESS | time=2ms
2022.03.22 13:16:36 INFO  ce[AX-wl216O2DsjP15_OoH][o.s.c.t.s.ComputationStepExecutor] Send issue notifications | newIssuesNotifs=0 | newIssuesDeliveries=0 | myNewIssuesNotifs=0 | myNewIssuesDeliveries=0 | changesNotifs=0 | changesDeliveries=0 | status=SUCCESS | time=6ms
2022.03.22 13:16:36 INFO  ce[AX-wl216O2DsjP15_OoH][o.s.c.t.s.ComputationStepExecutor] Publish task results | status=SUCCESS | time=0ms
2022.03.22 13:16:36 INFO  ce[AX-wl216O2DsjP15_OoH][o.s.c.t.s.ComputationStepExecutor] Trigger refresh of Portfolios and Applications | status=SUCCESS | time=0ms
2022.03.22 13:16:36 INFO  ce[AX-wl216O2DsjP15_OoH][o.s.c.t.p.a.p.PostProjectAnalysisTasksExecutor] Webhooks | globalWebhooks=0 | projectWebhooks=0 | status=SUCCESS | time=5ms
2022.03.22 13:16:36 INFO  ce[AX-wl216O2DsjP15_OoH][o.s.c.t.CeWorkerImpl] Executed task | project=com.bugtracker:user-service | type=REPORT | id=AX-wl216O2DsjP15_OoH | status=SUCCESS | time=6816ms
2022.03.22 13:17:33 INFO  ce[][o.s.c.t.CeWorkerImpl] Execute task | project=com:project | type=REPORT | id=AX-wmGgdO2DsjP15_OoI
2022.03.22 13:17:33 INFO  ce[AX-wmGgdO2DsjP15_OoI][o.s.c.t.s.ComputationStepExecutor] Extract report | status=SUCCESS | time=139ms
2022.03.22 13:17:33 INFO  ce[AX-wmGgdO2DsjP15_OoI][o.s.c.t.s.ComputationStepExecutor] Persist scanner context | status=SUCCESS | time=3ms
2022.03.22 13:17:33 INFO  ce[AX-wmGgdO2DsjP15_OoI][o.s.c.t.s.ComputationStepExecutor] Propagate analysis warnings from scanner report | status=SUCCESS | time=1ms
2022.03.22 13:17:33 INFO  ce[AX-wmGgdO2DsjP15_OoI][o.s.c.t.s.ComputationStepExecutor] Generate analysis UUID | status=SUCCESS | time=0ms
2022.03.22 13:17:33 INFO  ce[AX-wmGgdO2DsjP15_OoI][o.s.c.t.s.ComputationStepExecutor] Load analysis metadata | status=SUCCESS | time=2ms
2022.03.22 13:17:33 INFO  ce[AX-wmGgdO2DsjP15_OoI][o.s.c.t.s.ComputationStepExecutor] Initialize | status=SUCCESS | time=0ms
2022.03.22 13:17:33 INFO  ce[AX-wmGgdO2DsjP15_OoI][o.s.c.t.s.ComputationStepExecutor] Build tree of components | components=29 | status=SUCCESS | time=11ms
2022.03.22 13:17:33 INFO  ce[AX-wmGgdO2DsjP15_OoI][o.s.c.t.s.ComputationStepExecutor] Validate project | status=SUCCESS | time=2ms
2022.03.22 13:17:34 INFO  ce[AX-wmGgdO2DsjP15_OoI][o.s.c.t.s.ComputationStepExecutor] Load quality profiles | status=SUCCESS | time=1118ms
2022.03.22 13:17:34 INFO  ce[AX-wmGgdO2DsjP15_OoI][o.s.c.t.s.ComputationStepExecutor] Load Quality gate | status=SUCCESS | time=6ms
2022.03.22 13:17:34 INFO  ce[AX-wmGgdO2DsjP15_OoI][o.s.c.t.s.ComputationStepExecutor] Load new code period | status=SUCCESS | time=5ms
2022.03.22 13:17:34 INFO  ce[AX-wmGgdO2DsjP15_OoI][o.s.c.t.s.ComputationStepExecutor] Detect file moves | reportFiles=17 | dbFiles=17 | addedFiles=0 | status=SUCCESS | time=3ms
2022.03.22 13:17:34 INFO  ce[AX-wmGgdO2DsjP15_OoI][o.s.c.t.s.ComputationStepExecutor] Load duplications | duplications=0 | status=SUCCESS | time=6ms
2022.03.22 13:17:34 INFO  ce[AX-wmGgdO2DsjP15_OoI][o.s.c.t.s.ComputationStepExecutor] Compute cross project duplications | status=SUCCESS | time=0ms
2022.03.22 13:17:34 INFO  ce[AX-wmGgdO2DsjP15_OoI][o.s.c.t.s.ComputationStepExecutor] Compute size measures | status=SUCCESS | time=13ms
2022.03.22 13:17:34 INFO  ce[AX-wmGgdO2DsjP15_OoI][o.s.c.t.s.ComputationStepExecutor] Compute new coverage | status=SUCCESS | time=79ms
2022.03.22 13:17:34 INFO  ce[AX-wmGgdO2DsjP15_OoI][o.s.c.t.s.ComputationStepExecutor] Compute coverage measures | status=SUCCESS | time=11ms
2022.03.22 13:17:34 INFO  ce[AX-wmGgdO2DsjP15_OoI][o.s.c.t.s.ComputationStepExecutor] Compute comment measures | status=SUCCESS | time=0ms
2022.03.22 13:17:34 INFO  ce[AX-wmGgdO2DsjP15_OoI][o.s.c.t.s.ComputationStepExecutor] Compute duplication measures | status=SUCCESS | time=1ms
2022.03.22 13:17:34 INFO  ce[AX-wmGgdO2DsjP15_OoI][o.s.c.t.s.ComputationStepExecutor] Compute size measures on new code | status=SUCCESS | time=1ms
2022.03.22 13:17:34 INFO  ce[AX-wmGgdO2DsjP15_OoI][o.s.c.t.s.ComputationStepExecutor] Compute language distribution | status=SUCCESS | time=1ms
2022.03.22 13:17:34 INFO  ce[AX-wmGgdO2DsjP15_OoI][o.s.c.t.s.ComputationStepExecutor] Compute test measures | status=SUCCESS | time=0ms
2022.03.22 13:17:34 INFO  ce[AX-wmGgdO2DsjP15_OoI][o.s.c.t.s.ComputationStepExecutor] Compute complexity measures | status=SUCCESS | time=1ms
2022.03.22 13:17:34 INFO  ce[AX-wmGgdO2DsjP15_OoI][o.s.c.t.s.ComputationStepExecutor] Load measure computers | status=SUCCESS | time=0ms
2022.03.22 13:17:34 INFO  ce[AX-wmGgdO2DsjP15_OoI][o.s.c.t.s.ComputationStepExecutor] Compute Quality Profile status | status=SUCCESS | time=8ms
2022.03.22 13:17:34 INFO  ce[AX-wmGgdO2DsjP15_OoI][o.s.c.t.s.ComputationStepExecutor] Execute component visitors | status=SUCCESS | time=78ms
2022.03.22 13:17:34 INFO  ce[AX-wmGgdO2DsjP15_OoI][o.s.c.t.s.ComputationStepExecutor] Checks executed after computation of measures | status=SUCCESS | time=0ms
2022.03.22 13:17:34 INFO  ce[AX-wmGgdO2DsjP15_OoI][o.s.c.t.s.ComputationStepExecutor] Compute Quality Gate measures | status=SUCCESS | time=3ms
2022.03.22 13:17:34 INFO  ce[AX-wmGgdO2DsjP15_OoI][o.s.c.t.s.ComputationStepExecutor] Compute Quality profile measures | status=SUCCESS | time=1ms
2022.03.22 13:17:34 INFO  ce[AX-wmGgdO2DsjP15_OoI][o.s.c.t.s.ComputationStepExecutor] Generate Quality profile events | status=SUCCESS | time=4ms
2022.03.22 13:17:34 INFO  ce[AX-wmGgdO2DsjP15_OoI][o.s.c.t.s.ComputationStepExecutor] Generate Quality gate events | status=SUCCESS | time=4ms
2022.03.22 13:17:34 INFO  ce[AX-wmGgdO2DsjP15_OoI][o.s.c.t.s.ComputationStepExecutor] Check upgrade possibility for not analyzed code files. | status=SUCCESS | time=0ms
2022.03.22 13:17:34 INFO  ce[AX-wmGgdO2DsjP15_OoI][o.s.c.t.s.ComputationStepExecutor] Persist components | status=SUCCESS | time=7ms
2022.03.22 13:17:34 INFO  ce[AX-wmGgdO2DsjP15_OoI][o.s.c.t.s.ComputationStepExecutor] Persist analysis | status=SUCCESS | time=2ms
2022.03.22 13:17:34 INFO  ce[AX-wmGgdO2DsjP15_OoI][o.s.c.t.s.ComputationStepExecutor] Persist analysis properties | status=SUCCESS | time=3ms
2022.03.22 13:17:34 INFO  ce[AX-wmGgdO2DsjP15_OoI][o.s.c.t.s.ComputationStepExecutor] Persist measures | inserts=51 | status=SUCCESS | time=50ms
2022.03.22 13:17:35 INFO  ce[AX-wmGgdO2DsjP15_OoI][o.s.c.t.s.ComputationStepExecutor] Persist live measures | insertsOrUpdates=1314 | status=SUCCESS | time=317ms
2022.03.22 13:17:35 INFO  ce[AX-wmGgdO2DsjP15_OoI][o.s.c.t.s.ComputationStepExecutor] Persist duplication data | insertsOrUpdates=0 | status=SUCCESS | time=0ms
2022.03.22 13:17:35 INFO  ce[AX-wmGgdO2DsjP15_OoI][o.s.c.t.s.ComputationStepExecutor] Persist new ad hoc Rules | status=SUCCESS | time=0ms
2022.03.22 13:17:35 INFO  ce[AX-wmGgdO2DsjP15_OoI][o.s.c.t.s.ComputationStepExecutor] Persist issues | cacheSize=0 bytes | inserts=0 | updates=0 | merged=0 | status=SUCCESS | time=1ms
2022.03.22 13:17:35 INFO  ce[AX-wmGgdO2DsjP15_OoI][o.s.c.t.s.ComputationStepExecutor] Persist project links | status=SUCCESS | time=3ms
2022.03.22 13:17:35 INFO  ce[AX-wmGgdO2DsjP15_OoI][o.s.c.t.s.ComputationStepExecutor] Persist events | status=SUCCESS | time=2ms
2022.03.22 13:17:35 INFO  ce[AX-wmGgdO2DsjP15_OoI][o.s.c.t.s.ComputationStepExecutor] Persist sources | status=SUCCESS | time=58ms
2022.03.22 13:17:35 INFO  ce[AX-wmGgdO2DsjP15_OoI][o.s.c.t.s.ComputationStepExecutor] Persist cross project duplications | status=SUCCESS | time=0ms
2022.03.22 13:17:35 INFO  ce[AX-wmGgdO2DsjP15_OoI][o.s.c.t.s.ComputationStepExecutor] Enable analysis | status=SUCCESS | time=3ms
2022.03.22 13:17:35 INFO  ce[AX-wmGgdO2DsjP15_OoI][o.s.c.t.s.ComputationStepExecutor] Update last usage date of quality profiles | status=SUCCESS | time=3ms
2022.03.22 13:17:35 INFO  ce[AX-wmGgdO2DsjP15_OoI][o.s.c.t.s.ComputationStepExecutor] Purge db | status=SUCCESS | time=37ms
2022.03.22 13:17:35 INFO  ce[AX-wmGgdO2DsjP15_OoI][o.s.c.t.s.ComputationStepExecutor] Index analysis | status=SUCCESS | time=613ms
2022.03.22 13:17:35 INFO  ce[AX-wmGgdO2DsjP15_OoI][o.s.c.t.s.ComputationStepExecutor] Update need issue sync for branch | status=SUCCESS | time=2ms
2022.03.22 13:17:35 INFO  ce[AX-wmGgdO2DsjP15_OoI][o.s.c.t.s.ComputationStepExecutor] Send issue notifications | newIssuesNotifs=0 | newIssuesDeliveries=0 | myNewIssuesNotifs=0 | myNewIssuesDeliveries=0 | changesNotifs=0 | changesDeliveries=0 | status=SUCCESS | time=2ms
2022.03.22 13:17:35 INFO  ce[AX-wmGgdO2DsjP15_OoI][o.s.c.t.s.ComputationStepExecutor] Publish task results | status=SUCCESS | time=0ms
2022.03.22 13:17:35 INFO  ce[AX-wmGgdO2DsjP15_OoI][o.s.c.t.s.ComputationStepExecutor] Trigger refresh of Portfolios and Applications | status=SUCCESS | time=0ms
2022.03.22 13:17:35 INFO  ce[AX-wmGgdO2DsjP15_OoI][o.s.c.t.p.a.p.PostProjectAnalysisTasksExecutor] Webhooks | globalWebhooks=0 | projectWebhooks=0 | status=SUCCESS | time=2ms
2022.03.22 13:17:35 INFO  ce[AX-wmGgdO2DsjP15_OoI][o.s.c.t.CeWorkerImpl] Executed task | project=com:project | type=REPORT | id=AX-wmGgdO2DsjP15_OoI | status=SUCCESS | time=2796ms
2022.03.22 13:21:50 INFO  ce[][o.s.p.ProcessEntryPoint] Gracefully stopping process
2022.03.22 13:21:50 INFO  ce[][o.s.ce.app.CeServer] Compute Engine is stopping...
2022.03.22 13:21:50 INFO  ce[][o.s.c.t.CeProcessingSchedulerImpl] Gracefully stopping workers...
2022.03.22 13:21:50 INFO  ce[][o.s.ce.app.CeServer] Compute Engine is stopped
2022.03.22 15:46:55 INFO  ce[][o.s.p.ProcessEntryPoint] Starting ce
2022.03.22 15:46:55 INFO  ce[][o.s.ce.app.CeServer] Compute Engine starting up...
2022.03.22 15:46:55 INFO  ce[][o.s.s.e.EsClientProvider] Connected to local Elasticsearch: [http://127.0.0.1:9001]
2022.03.22 15:46:56 INFO  ce[][o.sonar.db.Database] Create JDBC data source for jdbc:h2:tcp://127.0.0.1:9092/sonar
2022.03.22 15:46:56 WARN  ce[][o.s.db.dialect.H2] H2 database should be used for evaluation purpose only.
2022.03.22 15:46:57 INFO  ce[][o.s.s.p.ServerFileSystemImpl] SonarQube home: C:\Users\skaderi\IntellJ-workspace\bug-tracker\sonarqube-9.3.0.51899
2022.03.22 15:46:57 INFO  ce[][o.s.c.c.CePluginRepository] Load plugins
2022.03.22 15:46:59 INFO  ce[][o.s.c.c.ComputeEngineContainerImpl] Running Community edition
2022.03.22 15:46:59 INFO  ce[][o.s.ce.app.CeServer] Compute Engine is operational
2022.03.22 15:47:33 INFO  ce[][o.s.c.t.CeWorkerImpl] Execute task | project=com.bugtracker:user-service | type=REPORT | id=AX-xIbokChqCKbiiBBoz
2022.03.22 15:47:34 INFO  ce[AX-xIbokChqCKbiiBBoz][o.s.c.t.s.ComputationStepExecutor] Extract report | status=SUCCESS | time=452ms
2022.03.22 15:47:34 INFO  ce[AX-xIbokChqCKbiiBBoz][o.s.c.t.s.ComputationStepExecutor] Persist scanner context | status=SUCCESS | time=18ms
2022.03.22 15:47:34 INFO  ce[AX-xIbokChqCKbiiBBoz][o.s.c.t.s.ComputationStepExecutor] Propagate analysis warnings from scanner report | status=SUCCESS | time=1ms
2022.03.22 15:47:34 INFO  ce[AX-xIbokChqCKbiiBBoz][o.s.c.t.s.ComputationStepExecutor] Generate analysis UUID | status=SUCCESS | time=0ms
2022.03.22 15:47:35 INFO  ce[AX-xIbokChqCKbiiBBoz][o.s.c.t.s.ComputationStepExecutor] Load analysis metadata | status=SUCCESS | time=107ms
2022.03.22 15:47:35 INFO  ce[AX-xIbokChqCKbiiBBoz][o.s.c.t.s.ComputationStepExecutor] Initialize | status=SUCCESS | time=0ms
2022.03.22 15:47:35 INFO  ce[AX-xIbokChqCKbiiBBoz][o.s.c.t.s.ComputationStepExecutor] Build tree of components | components=49 | status=SUCCESS | time=88ms
2022.03.22 15:47:35 INFO  ce[AX-xIbokChqCKbiiBBoz][o.s.c.t.s.ComputationStepExecutor] Validate project | status=SUCCESS | time=7ms
2022.03.22 15:47:37 INFO  ce[AX-xIbokChqCKbiiBBoz][o.s.c.t.s.ComputationStepExecutor] Load quality profiles | status=SUCCESS | time=2270ms
2022.03.22 15:47:37 INFO  ce[AX-xIbokChqCKbiiBBoz][o.s.c.t.s.ComputationStepExecutor] Load Quality gate | status=SUCCESS | time=20ms
2022.03.22 15:47:37 INFO  ce[AX-xIbokChqCKbiiBBoz][o.s.c.t.s.ComputationStepExecutor] Load new code period | status=SUCCESS | time=14ms
2022.03.22 15:47:37 INFO  ce[AX-xIbokChqCKbiiBBoz][o.s.c.t.s.ComputationStepExecutor] Detect file moves | reportFiles=32 | dbFiles=32 | addedFiles=0 | status=SUCCESS | time=12ms
2022.03.22 15:47:37 INFO  ce[AX-xIbokChqCKbiiBBoz][o.s.c.t.s.ComputationStepExecutor] Load duplications | duplications=0 | status=SUCCESS | time=14ms
2022.03.22 15:47:37 INFO  ce[AX-xIbokChqCKbiiBBoz][o.s.c.t.s.ComputationStepExecutor] Compute cross project duplications | status=SUCCESS | time=0ms
2022.03.22 15:47:37 INFO  ce[AX-xIbokChqCKbiiBBoz][o.s.c.t.s.ComputationStepExecutor] Compute size measures | status=SUCCESS | time=53ms
2022.03.22 15:47:37 INFO  ce[AX-xIbokChqCKbiiBBoz][o.s.c.t.s.ComputationStepExecutor] Compute new coverage | status=SUCCESS | time=301ms
2022.03.22 15:47:37 INFO  ce[AX-xIbokChqCKbiiBBoz][o.s.c.t.s.ComputationStepExecutor] Compute coverage measures | status=SUCCESS | time=18ms
2022.03.22 15:47:37 INFO  ce[AX-xIbokChqCKbiiBBoz][o.s.c.t.s.ComputationStepExecutor] Compute comment measures | status=SUCCESS | time=3ms
2022.03.22 15:47:37 INFO  ce[AX-xIbokChqCKbiiBBoz][o.s.c.t.s.ComputationStepExecutor] Compute duplication measures | status=SUCCESS | time=1ms
2022.03.22 15:47:37 INFO  ce[AX-xIbokChqCKbiiBBoz][o.s.c.t.s.ComputationStepExecutor] Compute size measures on new code | status=SUCCESS | time=3ms
2022.03.22 15:47:37 INFO  ce[AX-xIbokChqCKbiiBBoz][o.s.c.t.s.ComputationStepExecutor] Compute language distribution | status=SUCCESS | time=23ms
2022.03.22 15:47:37 INFO  ce[AX-xIbokChqCKbiiBBoz][o.s.c.t.s.ComputationStepExecutor] Compute test measures | status=SUCCESS | time=2ms
2022.03.22 15:47:37 INFO  ce[AX-xIbokChqCKbiiBBoz][o.s.c.t.s.ComputationStepExecutor] Compute complexity measures | status=SUCCESS | time=3ms
2022.03.22 15:47:37 INFO  ce[AX-xIbokChqCKbiiBBoz][o.s.c.t.s.ComputationStepExecutor] Load measure computers | status=SUCCESS | time=4ms
2022.03.22 15:47:38 INFO  ce[AX-xIbokChqCKbiiBBoz][o.s.c.t.s.ComputationStepExecutor] Compute Quality Profile status | status=SUCCESS | time=21ms
2022.03.22 15:47:38 INFO  ce[AX-xIbokChqCKbiiBBoz][o.s.c.t.s.ComputationStepExecutor] Execute component visitors | status=SUCCESS | time=300ms
2022.03.22 15:47:38 INFO  ce[AX-xIbokChqCKbiiBBoz][o.s.c.t.s.ComputationStepExecutor] Checks executed after computation of measures | status=SUCCESS | time=1ms
2022.03.22 15:47:38 INFO  ce[AX-xIbokChqCKbiiBBoz][o.s.c.t.s.ComputationStepExecutor] Compute Quality Gate measures | status=SUCCESS | time=12ms
2022.03.22 15:47:38 INFO  ce[AX-xIbokChqCKbiiBBoz][o.s.c.t.s.ComputationStepExecutor] Compute Quality profile measures | status=SUCCESS | time=4ms
2022.03.22 15:47:38 INFO  ce[AX-xIbokChqCKbiiBBoz][o.s.c.t.s.ComputationStepExecutor] Generate Quality profile events | status=SUCCESS | time=5ms
2022.03.22 15:47:38 INFO  ce[AX-xIbokChqCKbiiBBoz][o.s.c.t.s.ComputationStepExecutor] Generate Quality gate events | status=SUCCESS | time=4ms
2022.03.22 15:47:38 INFO  ce[AX-xIbokChqCKbiiBBoz][o.s.c.t.s.ComputationStepExecutor] Check upgrade possibility for not analyzed code files. | status=SUCCESS | time=2ms
2022.03.22 15:47:38 INFO  ce[AX-xIbokChqCKbiiBBoz][o.s.c.t.s.ComputationStepExecutor] Persist components | status=SUCCESS | time=29ms
2022.03.22 15:47:38 INFO  ce[AX-xIbokChqCKbiiBBoz][o.s.c.t.s.ComputationStepExecutor] Persist analysis | status=SUCCESS | time=4ms
2022.03.22 15:47:38 INFO  ce[AX-xIbokChqCKbiiBBoz][o.s.c.t.s.ComputationStepExecutor] Persist analysis properties | status=SUCCESS | time=9ms
2022.03.22 15:47:38 INFO  ce[AX-xIbokChqCKbiiBBoz][o.s.c.t.s.ComputationStepExecutor] Persist measures | inserts=58 | status=SUCCESS | time=66ms
2022.03.22 15:47:39 INFO  ce[AX-xIbokChqCKbiiBBoz][o.s.c.t.s.ComputationStepExecutor] Persist live measures | insertsOrUpdates=2137 | status=SUCCESS | time=592ms
2022.03.22 15:47:39 INFO  ce[AX-xIbokChqCKbiiBBoz][o.s.c.t.s.ComputationStepExecutor] Persist duplication data | insertsOrUpdates=0 | status=SUCCESS | time=2ms
2022.03.22 15:47:39 INFO  ce[AX-xIbokChqCKbiiBBoz][o.s.c.t.s.ComputationStepExecutor] Persist new ad hoc Rules | status=SUCCESS | time=1ms
2022.03.22 15:47:39 INFO  ce[AX-xIbokChqCKbiiBBoz][o.s.c.t.s.ComputationStepExecutor] Persist issues | cacheSize=0 bytes | inserts=0 | updates=0 | merged=0 | status=SUCCESS | time=2ms
2022.03.22 15:47:39 INFO  ce[AX-xIbokChqCKbiiBBoz][o.s.c.t.s.ComputationStepExecutor] Persist project links | status=SUCCESS | time=7ms
2022.03.22 15:47:39 INFO  ce[AX-xIbokChqCKbiiBBoz][o.s.c.t.s.ComputationStepExecutor] Persist events | status=SUCCESS | time=6ms
2022.03.22 15:47:39 INFO  ce[AX-xIbokChqCKbiiBBoz][o.s.c.t.s.ComputationStepExecutor] Persist sources | status=SUCCESS | time=153ms
2022.03.22 15:47:39 INFO  ce[AX-xIbokChqCKbiiBBoz][o.s.c.t.s.ComputationStepExecutor] Persist cross project duplications | status=SUCCESS | time=0ms
2022.03.22 15:47:39 INFO  ce[AX-xIbokChqCKbiiBBoz][o.s.c.t.s.ComputationStepExecutor] Enable analysis | status=SUCCESS | time=5ms
2022.03.22 15:47:39 INFO  ce[AX-xIbokChqCKbiiBBoz][o.s.c.t.s.ComputationStepExecutor] Update last usage date of quality profiles | status=SUCCESS | time=6ms
2022.03.22 15:47:39 INFO  ce[AX-xIbokChqCKbiiBBoz][o.s.c.t.s.ComputationStepExecutor] Purge db | status=SUCCESS | time=478ms
2022.03.22 15:47:40 INFO  ce[AX-xIbokChqCKbiiBBoz][o.s.c.t.s.ComputationStepExecutor] Index analysis | status=SUCCESS | time=504ms
2022.03.22 15:47:40 INFO  ce[AX-xIbokChqCKbiiBBoz][o.s.c.t.s.ComputationStepExecutor] Update need issue sync for branch | status=SUCCESS | time=1ms
2022.03.22 15:47:40 INFO  ce[AX-xIbokChqCKbiiBBoz][o.s.c.t.s.ComputationStepExecutor] Send issue notifications | newIssuesNotifs=0 | newIssuesDeliveries=0 | myNewIssuesNotifs=0 | myNewIssuesDeliveries=0 | changesNotifs=0 | changesDeliveries=0 | status=SUCCESS | time=5ms
2022.03.22 15:47:40 INFO  ce[AX-xIbokChqCKbiiBBoz][o.s.c.t.s.ComputationStepExecutor] Publish task results | status=SUCCESS | time=1ms
2022.03.22 15:47:40 INFO  ce[AX-xIbokChqCKbiiBBoz][o.s.c.t.s.ComputationStepExecutor] Trigger refresh of Portfolios and Applications | status=SUCCESS | time=0ms
2022.03.22 15:47:40 INFO  ce[AX-xIbokChqCKbiiBBoz][o.s.c.t.p.a.p.PostProjectAnalysisTasksExecutor] Webhooks | globalWebhooks=0 | projectWebhooks=0 | status=SUCCESS | time=4ms
2022.03.22 15:47:40 INFO  ce[AX-xIbokChqCKbiiBBoz][o.s.c.t.CeWorkerImpl] Executed task | project=com.bugtracker:user-service | type=REPORT | id=AX-xIbokChqCKbiiBBoz | status=SUCCESS | time=6946ms
