2022.03.08 00:30:57 INFO  es[][o.e.n.Node] version[7.16.3], pid[39864], build[unknown/unknown/4e6e4eab2297e949ec994e688dad46290d018022/2022-01-06T23:43:02.825887787Z], OS[Windows 10/10.0/amd64], JVM[Eclipse Foundation/OpenJDK 64-Bit Server VM/11.0.12/11.0.12+7]
2022.03.08 00:30:57 INFO  es[][o.e.n.Node] JVM home [C:\Program Files\Eclipse Foundation\jdk-11.0.12.7-hotspot]
2022.03.08 00:30:57 INFO  es[][o.e.n.Node] JVM arguments [-XX:+UseG1GC, -Djava.io.tmpdir=C:\Users\skaderi\IntellJ-workspace\bug-tracker\sonarqube-9.3.0.51899\temp, -XX:ErrorFile=../logs/es_hs_err_pid%p.log, -Des.networkaddress.cache.ttl=60, -Des.networkaddress.cache.negative.ttl=10, -XX:+AlwaysPreTouch, -Xss1m, -Djava.awt.headless=true, -Dfile.encoding=UTF-8, -Djna.nosys=true, -Djna.tmpdir=C:\Users\skaderi\IntellJ-workspace\bug-tracker\sonarqube-9.3.0.51899\temp, -XX:-OmitStackTraceInFastThrow, -Dio.netty.noUnsafe=true, -Dio.netty.noKeySetOptimization=true, -Dio.netty.recycler.maxCapacityPerThread=0, -Dio.netty.allocator.numDirectArenas=0, -Dlog4j.shutdownHookEnabled=false, -Dlog4j2.disable.jmx=true, -Dlog4j2.formatMsgNoLookups=true, -Djava.locale.providers=COMPAT, -Dcom.redhat.fips=false, -Xmx512m, -Xms512m, -XX:MaxDirectMemorySize=256m, -XX:+HeapDumpOnOutOfMemoryError, -Delasticsearch, -Des.path.home=C:\Users\skaderi\IntellJ-workspace\bug-tracker\sonarqube-9.3.0.51899\elasticsearch, -Des.path.conf=C:\Users\skaderi\IntellJ-workspace\bug-tracker\sonarqube-9.3.0.51899\temp\conf\es]
2022.03.08 00:30:57 INFO  es[][o.e.p.PluginsService] loaded module [analysis-common]
2022.03.08 00:30:57 INFO  es[][o.e.p.PluginsService] loaded module [lang-painless]
2022.03.08 00:30:57 INFO  es[][o.e.p.PluginsService] loaded module [parent-join]
2022.03.08 00:30:57 INFO  es[][o.e.p.PluginsService] loaded module [transport-netty4]
2022.03.08 00:30:57 INFO  es[][o.e.p.PluginsService] no plugins loaded
2022.03.08 00:30:57 INFO  es[][o.e.e.NodeEnvironment] using [1] data paths, mounts [[System (C:)]], net usable_space [151.7gb], net total_space [237.8gb], types [NTFS]
2022.03.08 00:30:57 INFO  es[][o.e.e.NodeEnvironment] heap size [512mb], compressed ordinary object pointers [true]
2022.03.08 00:30:58 INFO  es[][o.e.n.Node] node name [sonarqube], node ID [MSJPz9E0TBSOTVd-Ay-J6w], cluster name [sonarqube], roles [data_frozen, master, remote_cluster_client, data, data_content, data_hot, data_warm, data_cold, ingest]
2022.03.08 00:31:02 INFO  es[][o.e.t.NettyAllocator] creating NettyAllocator with the following configs: [name=unpooled, suggested_max_allocation_size=256kb, factors={es.unsafe.use_unpooled_allocator=null, g1gc_enabled=true, g1gc_region_size=1mb, heap_size=512mb}]
2022.03.08 00:31:02 INFO  es[][o.e.d.DiscoveryModule] using discovery type [zen] and seed hosts providers [settings]
2022.03.08 00:31:02 INFO  es[][o.e.g.DanglingIndicesState] gateway.auto_import_dangling_indices is disabled, dangling indices will not be automatically detected or imported and must be managed manually
2022.03.08 00:31:02 INFO  es[][o.e.n.Node] initialized
2022.03.08 00:31:02 INFO  es[][o.e.n.Node] starting ...
2022.03.08 00:31:02 INFO  es[][o.e.t.TransportService] publish_address {127.0.0.1:62526}, bound_addresses {127.0.0.1:62526}
2022.03.08 00:31:03 INFO  es[][o.e.c.c.Coordinator] setting initial configuration to VotingConfiguration{MSJPz9E0TBSOTVd-Ay-J6w}
2022.03.08 00:31:03 INFO  es[][o.e.c.s.MasterService] elected-as-master ([1] nodes joined)[{sonarqube}{MSJPz9E0TBSOTVd-Ay-J6w}{SIeXVnaiTKeKS0clOsZIhg}{127.0.0.1}{127.0.0.1:62526}{cdfhimrsw} elect leader, _BECOME_MASTER_TASK_, _FINISH_ELECTION_], term: 1, version: 1, delta: master node changed {previous [], current [{sonarqube}{MSJPz9E0TBSOTVd-Ay-J6w}{SIeXVnaiTKeKS0clOsZIhg}{127.0.0.1}{127.0.0.1:62526}{cdfhimrsw}]}
2022.03.08 00:31:03 INFO  es[][o.e.c.c.CoordinationState] cluster UUID set to [lSBwl1qNQByHYHbROlh1Ow]
2022.03.08 00:31:03 INFO  es[][o.e.c.s.ClusterApplierService] master node changed {previous [], current [{sonarqube}{MSJPz9E0TBSOTVd-Ay-J6w}{SIeXVnaiTKeKS0clOsZIhg}{127.0.0.1}{127.0.0.1:62526}{cdfhimrsw}]}, term: 1, version: 1, reason: Publication{term=1, version=1}
2022.03.08 00:31:03 ERROR es[][o.e.b.Bootstrap] Exception
org.elasticsearch.http.BindHttpException: Failed to bind to 127.0.0.1:9001
	at org.elasticsearch.http.AbstractHttpServerTransport.bindAddress(AbstractHttpServerTransport.java:196) ~[elasticsearch-7.16.3.jar:7.16.3]
	at org.elasticsearch.http.AbstractHttpServerTransport.bindServer(AbstractHttpServerTransport.java:163) ~[elasticsearch-7.16.3.jar:7.16.3]
	at org.elasticsearch.http.netty4.Netty4HttpServerTransport.doStart(Netty4HttpServerTransport.java:255) ~[?:?]
	at org.elasticsearch.common.component.AbstractLifecycleComponent.start(AbstractLifecycleComponent.java:48) ~[elasticsearch-7.16.3.jar:7.16.3]
	at org.elasticsearch.node.Node.start(Node.java:1267) ~[elasticsearch-7.16.3.jar:7.16.3]
	at org.elasticsearch.bootstrap.Bootstrap.start(Bootstrap.java:335) ~[elasticsearch-7.16.3.jar:7.16.3]
	at org.elasticsearch.bootstrap.Bootstrap.init(Bootstrap.java:443) [elasticsearch-7.16.3.jar:7.16.3]
	at org.elasticsearch.bootstrap.Elasticsearch.init(Elasticsearch.java:166) [elasticsearch-7.16.3.jar:7.16.3]
	at org.elasticsearch.bootstrap.Elasticsearch.execute(Elasticsearch.java:157) [elasticsearch-7.16.3.jar:7.16.3]
	at org.elasticsearch.cli.EnvironmentAwareCommand.execute(EnvironmentAwareCommand.java:77) [elasticsearch-7.16.3.jar:7.16.3]
	at org.elasticsearch.cli.Command.mainWithoutErrorHandling(Command.java:112) [elasticsearch-cli-7.16.3.jar:7.16.3]
	at org.elasticsearch.cli.Command.main(Command.java:77) [elasticsearch-cli-7.16.3.jar:7.16.3]
	at org.elasticsearch.bootstrap.Elasticsearch.main(Elasticsearch.java:122) [elasticsearch-7.16.3.jar:7.16.3]
	at org.elasticsearch.bootstrap.Elasticsearch.main(Elasticsearch.java:80) [elasticsearch-7.16.3.jar:7.16.3]
Caused by: java.net.BindException: Address already in use: bind
	at sun.nio.ch.Net.bind0(Native Method) ~[?:?]
	at sun.nio.ch.Net.bind(Net.java:455) ~[?:?]
	at sun.nio.ch.Net.bind(Net.java:447) ~[?:?]
	at sun.nio.ch.ServerSocketChannelImpl.bind(ServerSocketChannelImpl.java:227) ~[?:?]
	at io.netty.channel.socket.nio.NioServerSocketChannel.doBind(NioServerSocketChannel.java:134) ~[?:?]
	at io.netty.channel.AbstractChannel$AbstractUnsafe.bind(AbstractChannel.java:562) ~[?:?]
	at io.netty.channel.DefaultChannelPipeline$HeadContext.bind(DefaultChannelPipeline.java:1334) ~[?:?]
	at io.netty.channel.AbstractChannelHandlerContext.invokeBind(AbstractChannelHandlerContext.java:506) ~[?:?]
	at io.netty.channel.AbstractChannelHandlerContext.bind(AbstractChannelHandlerContext.java:491) ~[?:?]
	at io.netty.channel.DefaultChannelPipeline.bind(DefaultChannelPipeline.java:973) ~[?:?]
	at io.netty.channel.AbstractChannel.bind(AbstractChannel.java:260) ~[?:?]
	at io.netty.bootstrap.AbstractBootstrap$2.run(AbstractBootstrap.java:356) ~[?:?]
	at io.netty.util.concurrent.AbstractEventExecutor.safeExecute(AbstractEventExecutor.java:164) ~[?:?]
	at io.netty.util.concurrent.SingleThreadEventExecutor.runAllTasks(SingleThreadEventExecutor.java:469) ~[?:?]
	at io.netty.channel.nio.NioEventLoop.run(NioEventLoop.java:500) ~[?:?]
	at io.netty.util.concurrent.SingleThreadEventExecutor$4.run(SingleThreadEventExecutor.java:986) ~[?:?]
	at io.netty.util.internal.ThreadExecutorMap$2.run(ThreadExecutorMap.java:74) ~[?:?]
	at java.lang.Thread.run(Thread.java:829) ~[?:?]
2022.03.08 00:31:03 ERROR es[][o.e.b.ElasticsearchUncaughtExceptionHandler] uncaught exception in thread [main]
org.elasticsearch.bootstrap.StartupException: BindHttpException[Failed to bind to 127.0.0.1:9001]; nested: BindException[Address already in use: bind];
	at org.elasticsearch.bootstrap.Elasticsearch.init(Elasticsearch.java:170) ~[elasticsearch-7.16.3.jar:7.16.3]
	at org.elasticsearch.bootstrap.Elasticsearch.execute(Elasticsearch.java:157) ~[elasticsearch-7.16.3.jar:7.16.3]
	at org.elasticsearch.cli.EnvironmentAwareCommand.execute(EnvironmentAwareCommand.java:77) ~[elasticsearch-7.16.3.jar:7.16.3]
	at org.elasticsearch.cli.Command.mainWithoutErrorHandling(Command.java:112) ~[elasticsearch-cli-7.16.3.jar:7.16.3]
	at org.elasticsearch.cli.Command.main(Command.java:77) ~[elasticsearch-cli-7.16.3.jar:7.16.3]
	at org.elasticsearch.bootstrap.Elasticsearch.main(Elasticsearch.java:122) ~[elasticsearch-7.16.3.jar:7.16.3]
	at org.elasticsearch.bootstrap.Elasticsearch.main(Elasticsearch.java:80) ~[elasticsearch-7.16.3.jar:7.16.3]
Caused by: org.elasticsearch.http.BindHttpException: Failed to bind to 127.0.0.1:9001
	at org.elasticsearch.http.AbstractHttpServerTransport.bindAddress(AbstractHttpServerTransport.java:196) ~[elasticsearch-7.16.3.jar:7.16.3]
	at org.elasticsearch.http.AbstractHttpServerTransport.bindServer(AbstractHttpServerTransport.java:163) ~[elasticsearch-7.16.3.jar:7.16.3]
	at org.elasticsearch.http.netty4.Netty4HttpServerTransport.doStart(Netty4HttpServerTransport.java:255) ~[?:?]
	at org.elasticsearch.common.component.AbstractLifecycleComponent.start(AbstractLifecycleComponent.java:48) ~[elasticsearch-7.16.3.jar:7.16.3]
	at org.elasticsearch.node.Node.start(Node.java:1267) ~[elasticsearch-7.16.3.jar:7.16.3]
	at org.elasticsearch.bootstrap.Bootstrap.start(Bootstrap.java:335) ~[elasticsearch-7.16.3.jar:7.16.3]
	at org.elasticsearch.bootstrap.Bootstrap.init(Bootstrap.java:443) ~[elasticsearch-7.16.3.jar:7.16.3]
	at org.elasticsearch.bootstrap.Elasticsearch.init(Elasticsearch.java:166) ~[elasticsearch-7.16.3.jar:7.16.3]
	... 6 more
Caused by: java.net.BindException: Address already in use: bind
	at sun.nio.ch.Net.bind0(Native Method) ~[?:?]
	at sun.nio.ch.Net.bind(Net.java:455) ~[?:?]
	at sun.nio.ch.Net.bind(Net.java:447) ~[?:?]
	at sun.nio.ch.ServerSocketChannelImpl.bind(ServerSocketChannelImpl.java:227) ~[?:?]
	at io.netty.channel.socket.nio.NioServerSocketChannel.doBind(NioServerSocketChannel.java:134) ~[?:?]
	at io.netty.channel.AbstractChannel$AbstractUnsafe.bind(AbstractChannel.java:562) ~[?:?]
	at io.netty.channel.DefaultChannelPipeline$HeadContext.bind(DefaultChannelPipeline.java:1334) ~[?:?]
	at io.netty.channel.AbstractChannelHandlerContext.invokeBind(AbstractChannelHandlerContext.java:506) ~[?:?]
	at io.netty.channel.AbstractChannelHandlerContext.bind(AbstractChannelHandlerContext.java:491) ~[?:?]
	at io.netty.channel.DefaultChannelPipeline.bind(DefaultChannelPipeline.java:973) ~[?:?]
	at io.netty.channel.AbstractChannel.bind(AbstractChannel.java:260) ~[?:?]
	at io.netty.bootstrap.AbstractBootstrap$2.run(AbstractBootstrap.java:356) ~[?:?]
	at io.netty.util.concurrent.AbstractEventExecutor.safeExecute(AbstractEventExecutor.java:164) ~[?:?]
	at io.netty.util.concurrent.SingleThreadEventExecutor.runAllTasks(SingleThreadEventExecutor.java:469) ~[?:?]
	at io.netty.channel.nio.NioEventLoop.run(NioEventLoop.java:500) ~[?:?]
	at io.netty.util.concurrent.SingleThreadEventExecutor$4.run(SingleThreadEventExecutor.java:986) ~[?:?]
	at io.netty.util.internal.ThreadExecutorMap$2.run(ThreadExecutorMap.java:74) ~[?:?]
	at java.lang.Thread.run(Thread.java:829) [?:?]
2022.03.08 00:31:03 INFO  es[][o.e.n.Node] stopping ...
2022.03.08 00:31:03 INFO  es[][o.e.g.GatewayService] recovered [0] indices into cluster_state
2022.03.08 00:31:03 INFO  es[][o.e.n.Node] stopped
2022.03.08 00:31:03 INFO  es[][o.e.n.Node] closing ...
2022.03.08 00:31:03 INFO  es[][o.e.n.Node] closed
2022.03.08 00:33:59 INFO  es[][o.e.n.Node] version[7.16.3], pid[39864], build[unknown/unknown/4e6e4eab2297e949ec994e688dad46290d018022/2022-01-06T23:43:02.825887787Z], OS[Windows 10/10.0/amd64], JVM[Eclipse Foundation/OpenJDK 64-Bit Server VM/11.0.12/11.0.12+7]
2022.03.08 00:33:59 INFO  es[][o.e.n.Node] JVM home [C:\Program Files\Eclipse Foundation\jdk-11.0.12.7-hotspot]
2022.03.08 00:33:59 INFO  es[][o.e.n.Node] JVM arguments [-XX:+UseG1GC, -Djava.io.tmpdir=C:\Users\skaderi\IntellJ-workspace\bug-tracker\sonarqube-9.3.0.51899\temp, -XX:ErrorFile=../logs/es_hs_err_pid%p.log, -Des.networkaddress.cache.ttl=60, -Des.networkaddress.cache.negative.ttl=10, -XX:+AlwaysPreTouch, -Xss1m, -Djava.awt.headless=true, -Dfile.encoding=UTF-8, -Djna.nosys=true, -Djna.tmpdir=C:\Users\skaderi\IntellJ-workspace\bug-tracker\sonarqube-9.3.0.51899\temp, -XX:-OmitStackTraceInFastThrow, -Dio.netty.noUnsafe=true, -Dio.netty.noKeySetOptimization=true, -Dio.netty.recycler.maxCapacityPerThread=0, -Dio.netty.allocator.numDirectArenas=0, -Dlog4j.shutdownHookEnabled=false, -Dlog4j2.disable.jmx=true, -Dlog4j2.formatMsgNoLookups=true, -Djava.locale.providers=COMPAT, -Dcom.redhat.fips=false, -Xmx512m, -Xms512m, -XX:MaxDirectMemorySize=256m, -XX:+HeapDumpOnOutOfMemoryError, -Delasticsearch, -Des.path.home=C:\Users\skaderi\IntellJ-workspace\bug-tracker\sonarqube-9.3.0.51899\elasticsearch, -Des.path.conf=C:\Users\skaderi\IntellJ-workspace\bug-tracker\sonarqube-9.3.0.51899\temp\conf\es]
2022.03.08 00:33:59 INFO  es[][o.e.p.PluginsService] loaded module [analysis-common]
2022.03.08 00:33:59 INFO  es[][o.e.p.PluginsService] loaded module [lang-painless]
2022.03.08 00:33:59 INFO  es[][o.e.p.PluginsService] loaded module [parent-join]
2022.03.08 00:33:59 INFO  es[][o.e.p.PluginsService] loaded module [transport-netty4]
2022.03.08 00:33:59 INFO  es[][o.e.p.PluginsService] no plugins loaded
2022.03.08 00:33:59 INFO  es[][o.e.e.NodeEnvironment] using [1] data paths, mounts [[System (C:)]], net usable_space [151.4gb], net total_space [237.8gb], types [NTFS]
2022.03.08 00:33:59 INFO  es[][o.e.e.NodeEnvironment] heap size [512mb], compressed ordinary object pointers [true]
2022.03.08 00:33:59 INFO  es[][o.e.n.Node] node name [sonarqube], node ID [MSJPz9E0TBSOTVd-Ay-J6w], cluster name [sonarqube], roles [data_frozen, master, remote_cluster_client, data, data_content, data_hot, data_warm, data_cold, ingest]
2022.03.08 00:34:04 INFO  es[][o.e.t.NettyAllocator] creating NettyAllocator with the following configs: [name=unpooled, suggested_max_allocation_size=256kb, factors={es.unsafe.use_unpooled_allocator=null, g1gc_enabled=true, g1gc_region_size=1mb, heap_size=512mb}]
2022.03.08 00:34:04 INFO  es[][o.e.d.DiscoveryModule] using discovery type [zen] and seed hosts providers [settings]
2022.03.08 00:34:05 INFO  es[][o.e.g.DanglingIndicesState] gateway.auto_import_dangling_indices is disabled, dangling indices will not be automatically detected or imported and must be managed manually
2022.03.08 00:34:05 INFO  es[][o.e.n.Node] initialized
2022.03.08 00:34:05 INFO  es[][o.e.n.Node] starting ...
2022.03.08 00:34:06 INFO  es[][o.e.t.TransportService] publish_address {127.0.0.1:50657}, bound_addresses {127.0.0.1:50657}
2022.03.08 00:34:06 INFO  es[][o.e.c.c.Coordinator] cluster UUID [lSBwl1qNQByHYHbROlh1Ow]
2022.03.08 00:34:06 INFO  es[][o.e.c.s.MasterService] elected-as-master ([1] nodes joined)[{sonarqube}{MSJPz9E0TBSOTVd-Ay-J6w}{VJZXyHaSRwyVg8LwPhiVpg}{127.0.0.1}{127.0.0.1:50657}{cdfhimrsw} elect leader, _BECOME_MASTER_TASK_, _FINISH_ELECTION_], term: 2, version: 3, delta: master node changed {previous [], current [{sonarqube}{MSJPz9E0TBSOTVd-Ay-J6w}{VJZXyHaSRwyVg8LwPhiVpg}{127.0.0.1}{127.0.0.1:50657}{cdfhimrsw}]}
2022.03.08 00:34:06 INFO  es[][o.e.c.s.ClusterApplierService] master node changed {previous [], current [{sonarqube}{MSJPz9E0TBSOTVd-Ay-J6w}{VJZXyHaSRwyVg8LwPhiVpg}{127.0.0.1}{127.0.0.1:50657}{cdfhimrsw}]}, term: 2, version: 3, reason: Publication{term=2, version=3}
2022.03.08 00:34:06 INFO  es[][o.e.h.AbstractHttpServerTransport] publish_address {127.0.0.1:9092}, bound_addresses {127.0.0.1:9092}
2022.03.08 00:34:06 INFO  es[][o.e.n.Node] started
2022.03.08 00:34:06 INFO  es[][o.e.g.GatewayService] recovered [0] indices into cluster_state
