2022.03.16 11:52:41 INFO  web[][o.s.p.ProcessEntryPoint] Starting web
2022.03.16 11:52:42 INFO  web[][o.a.t.u.n.NioSelectorPool] Using a shared selector for servlet write/read
2022.03.16 11:52:42 INFO  web[][o.s.s.e.EsClientProvider] Connected to local Elasticsearch: [http://127.0.0.1:9001]
2022.03.16 11:52:43 INFO  web[][o.s.s.p.LogServerVersion] SonarQube Server / 9.3.0.51899 / 1a276267d04cd4df862d57201082413946b6b3fa
2022.03.16 11:52:44 INFO  web[][o.s.s.p.d.EmbeddedDatabase] Starting embedded database on port 9092 with url jdbc:h2:tcp://127.0.0.1:9092/sonar
2022.03.16 11:52:44 INFO  web[][o.s.s.p.d.EmbeddedDatabase] Embedded database started. Data stored in: C:\Users\skaderi\IntellJ-workspace\bug-tracker\sonarqube-9.3.0.51899\data
2022.03.16 11:52:44 INFO  web[][o.sonar.db.Database] Create JDBC data source for jdbc:h2:tcp://127.0.0.1:9092/sonar
2022.03.16 11:52:44 WARN  web[][o.s.db.dialect.H2] H2 database should be used for evaluation purpose only.
2022.03.16 11:52:44 INFO  web[][o.s.s.p.ServerFileSystemImpl] SonarQube home: C:\Users\skaderi\IntellJ-workspace\bug-tracker\sonarqube-9.3.0.51899
2022.03.16 11:52:44 INFO  web[][o.s.s.u.SystemPasscodeImpl] System authentication by passcode is disabled
2022.03.16 11:52:45 INFO  web[][o.s.s.p.ServerPluginManager] Deploy plugin C# Code Quality and Security / 8.34.0.42011 / 7e01861b987ff6ebaef0ce378b5d90a3c8012f96
2022.03.16 11:52:45 INFO  web[][o.s.s.p.ServerPluginManager] Deploy plugin Configuration detection fot Code Quality and Security / 1.2.0.267 / 4f37ba9ffb37a96d5883e52ad392ed32c5c6eaab
2022.03.16 11:52:45 INFO  web[][o.s.s.p.ServerPluginManager] Deploy plugin Flex Code Quality and Security / 2.7.0.2865 / 9e61d9774455b25eefd0b71bf8903cb030641864
2022.03.16 11:52:45 INFO  web[][o.s.s.p.ServerPluginManager] Deploy plugin Go Code Quality and Security / 1.9.0.3429 / faf3c08c0ebf3a877186442cd4a0ddd50de079a8
2022.03.16 11:52:45 INFO  web[][o.s.s.p.ServerPluginManager] Deploy plugin HTML Code Quality and Security / 3.6.0.3106 / 963bdc9f051f5dcb698b418790364231aeea04f2
2022.03.16 11:52:45 INFO  web[][o.s.s.p.ServerPluginManager] Deploy plugin IaC Code Quality and Security / 1.5.0.1600 / 49f85d3bb8f38ae65ec0edf4fc109761e68fb488
2022.03.16 11:52:45 INFO  web[][o.s.s.p.ServerPluginManager] Deploy plugin JaCoCo / 1.1.1.1157 / 83478572b9f23efac29de15e30c7758bbb0c0e47
2022.03.16 11:52:45 INFO  web[][o.s.s.p.ServerPluginManager] Deploy plugin Java Code Quality and Security / 7.7.0.28547 / be7b25484ea63cc345b695fc5b1d40ccacc3e0b6
2022.03.16 11:52:45 INFO  web[][o.s.s.p.ServerPluginManager] Deploy plugin JavaScript/TypeScript Code Quality and Security / 8.8.0.17228 / a3815936a51aa720d54bf0e04a9e351c3c0ad642
2022.03.16 11:52:45 INFO  web[][o.s.s.p.ServerPluginManager] Deploy plugin Kotlin Code Quality and Security / 2.9.0.1147 / 6ce439214a685d4aabde6461fd609a9a9c1df1c6
2022.03.16 11:52:45 INFO  web[][o.s.s.p.ServerPluginManager] Deploy plugin PHP Code Quality and Security / 3.22.1.8626 / 68787fc2bf0b446b0fa5e3c1943ee14fd91ee79d
2022.03.16 11:52:45 INFO  web[][o.s.s.p.ServerPluginManager] Deploy plugin Python Code Quality and Security / 3.9.0.9230 / 8241f6a6f0bdd5175741f8b4e302fc6942f2f248
2022.03.16 11:52:45 INFO  web[][o.s.s.p.ServerPluginManager] Deploy plugin Ruby Code Quality and Security / 1.9.0.3429 / faf3c08c0ebf3a877186442cd4a0ddd50de079a8
2022.03.16 11:52:45 INFO  web[][o.s.s.p.ServerPluginManager] Deploy plugin Scala Code Quality and Security / 1.9.0.3429 / faf3c08c0ebf3a877186442cd4a0ddd50de079a8
2022.03.16 11:52:45 INFO  web[][o.s.s.p.ServerPluginManager] Deploy plugin Text file Code Quality and Security / 1.0.0.120 / b7539037caf5df01cc49bb7820a0c23f35196f0e
2022.03.16 11:52:45 INFO  web[][o.s.s.p.ServerPluginManager] Deploy plugin VB.NET Code Quality and Security / 8.34.0.42011 / 7e01861b987ff6ebaef0ce378b5d90a3c8012f96
2022.03.16 11:52:45 INFO  web[][o.s.s.p.ServerPluginManager] Deploy plugin XML Code Quality and Security / 2.5.0.3376 / 3b089c16cf0736c56f4fdb2fc88ddad59e7ca45d
2022.03.16 11:52:46 WARN  web[][o.s.a.s.w.WebService$Action] Description is not set on action api/monitoring/metrics
2022.03.16 11:52:46 WARN  web[][o.s.a.s.w.WebService$Action] Since is not set on action api/monitoring/metrics
2022.03.16 11:52:46 WARN  web[][o.s.a.s.w.WebService$Action] The response example is not set on action api/monitoring/metrics
2022.03.16 11:52:47 WARN  web[][o.s.a.s.w.WebService$Action] The response example is not set on action api/system/liveness
2022.03.16 11:52:47 INFO  web[][o.s.s.p.DetectPluginChange] Detect plugin changes
2022.03.16 11:52:47 INFO  web[][o.s.s.p.DetectPluginChange] No plugin change detected
2022.03.16 11:52:47 WARN  web[][o.a.c.u.SessionIdGeneratorBase] Creation of SecureRandom instance for session ID generation using [SHA1PRNG] took [179] milliseconds.
2022.03.16 11:52:47 INFO  web[][o.s.s.p.w.MasterServletFilter] Initializing servlet filter org.sonar.server.platform.web.WebServiceFilter@6ea5f9d3 [pattern=UrlPattern{inclusions=[/api/system/migrate_db.*, ...], exclusions=[/api/components/update_key, ...]}]
2022.03.16 11:52:47 INFO  web[][o.s.s.a.EmbeddedTomcat] HTTP connector enabled on port 9000
2022.03.16 11:52:48 INFO  web[][o.s.s.p.UpdateCenterClient] Update center: https://update.sonarsource.org/update-center.properties (no proxy)
2022.03.16 11:52:49 INFO  web[][o.s.s.s.LogServerId] Server ID: BF41A1F2-AX9v4buEfihJkVXFeyQJ
2022.03.16 11:52:49 WARN  web[][o.s.s.a.LogOAuthWarning] For security reasons, OAuth authentication should use HTTPS. You should set the property 'Administration > Configuration > Server base URL' to a HTTPS URL.
2022.03.16 11:52:49 WARN  web[][o.s.a.s.w.WebService$Action] The response example is not set on action api/plugins/download
2022.03.16 11:52:49 WARN  web[][o.s.a.s.w.WebService$Action] The response example is not set on action api/system/liveness
2022.03.16 11:52:49 WARN  web[][o.s.a.s.w.WebService$Action] The response example is not set on action api/alm_integrations/list_bitbucketserver_projects
2022.03.16 11:52:49 WARN  web[][o.s.a.s.w.WebService$Action] The response example is not set on action api/alm_integrations/search_bitbucketcloud_repos
2022.03.16 11:52:49 WARN  web[][o.s.a.s.w.WebService$Action] The response example is not set on action api/alm_integrations/check_pat
2022.03.16 11:52:49 WARN  web[][o.s.a.s.w.WebService$Action] The response example is not set on action api/alm_integrations/list_azure_projects
2022.03.16 11:52:49 WARN  web[][o.s.a.s.w.WebService$Action] The response example is not set on action api/alm_integrations/search_bitbucketserver_repos
2022.03.16 11:52:49 WARN  web[][o.s.a.s.w.WebService$Action] The response example is not set on action api/alm_integrations/search_azure_repos
2022.03.16 11:52:49 WARN  web[][o.s.a.s.w.WebService$Action] The response example is not set on action api/project_dump/status
2022.03.16 11:52:49 INFO  web[][o.s.s.t.TelemetryDaemon] Sharing of SonarQube statistics is enabled.
2022.03.16 11:52:49 INFO  web[][o.s.s.n.NotificationDaemon] Notification service started (delay 60 sec.)
2022.03.16 11:52:49 INFO  web[][o.s.s.a.p.ExpiredSessionsCleaner] Purge of expired session tokens has removed 2 elements
2022.03.16 11:52:49 INFO  web[][o.s.s.a.p.ExpiredSessionsCleaner] Purge of expired SAML message ids has removed 0 elements
2022.03.16 11:52:49 INFO  web[][o.s.s.s.GeneratePluginIndex] Generate scanner plugin index
2022.03.16 11:52:49 INFO  web[][o.s.s.s.RegisterPermissionTemplates] Register permission templates
2022.03.16 11:52:49 INFO  web[][o.s.s.s.RenameDeprecatedPropertyKeys] Rename deprecated property keys
2022.03.16 11:52:49 INFO  web[][o.s.s.s.RegisterPlugins] Register plugins
2022.03.16 11:52:49 INFO  web[][o.s.s.p.w.MasterServletFilter] Initializing servlet filter org.sonar.server.platform.web.SonarLintConnectionFilter@1f3f1ddf [pattern=UrlPattern{inclusions=[/api/*], exclusions=[]}]
2022.03.16 11:52:49 INFO  web[][o.s.s.p.w.MasterServletFilter] Initializing servlet filter org.sonar.server.platform.web.WebServiceFilter@33142b60 [pattern=UrlPattern{inclusions=[/api/issues/delete_comment.*, ...], exclusions=[/api/authentication/login.*, ...]}]
2022.03.16 11:52:49 INFO  web[][o.s.s.p.w.MasterServletFilter] Initializing servlet filter org.sonar.server.platform.web.WebServiceReroutingFilter@2761340a [pattern=UrlPattern{inclusions=[/api/components/bulk_update_key, ...], exclusions=[]}]
2022.03.16 11:52:49 INFO  web[][o.s.s.p.w.MasterServletFilter] Initializing servlet filter org.sonar.server.plugins.PluginsRiskConsentFilter@7a9c9923 [pattern=UrlPattern{inclusions=[/*], exclusions=[*.css, ...]}]
2022.03.16 11:52:49 INFO  web[][o.s.s.p.w.MasterServletFilter] Initializing servlet filter org.sonar.server.authentication.DefaultAdminCredentialsVerifierFilter@733dddb4 [pattern=UrlPattern{inclusions=[/*], exclusions=[*.css, ...]}]
2022.03.16 11:52:49 INFO  web[][o.s.s.p.w.MasterServletFilter] Initializing servlet filter org.sonar.server.authentication.InitFilter@4e5b0ac6 [pattern=UrlPattern{inclusions=[/sessions/init/*], exclusions=[]}]
2022.03.16 11:52:49 INFO  web[][o.s.s.p.w.MasterServletFilter] Initializing servlet filter org.sonar.server.authentication.OAuth2CallbackFilter@39849074 [pattern=UrlPattern{inclusions=[/oauth2/callback/*], exclusions=[]}]
2022.03.16 11:52:49 INFO  web[][o.s.s.p.w.MasterServletFilter] Initializing servlet filter org.sonar.server.authentication.ResetPasswordFilter@451d6f0f [pattern=UrlPattern{inclusions=[/*], exclusions=[*.css, ...]}]
2022.03.16 11:52:49 INFO  web[][o.s.s.p.w.MasterServletFilter] Initializing servlet filter org.sonar.server.authentication.ws.LoginAction@5474209a [pattern=UrlPattern{inclusions=[/api/authentication/login], exclusions=[]}]
2022.03.16 11:52:49 INFO  web[][o.s.s.p.w.MasterServletFilter] Initializing servlet filter org.sonar.server.authentication.ws.LogoutAction@6d323476 [pattern=UrlPattern{inclusions=[/api/authentication/logout], exclusions=[]}]
2022.03.16 11:52:49 INFO  web[][o.s.s.p.w.MasterServletFilter] Initializing servlet filter org.sonar.server.authentication.ws.ValidateAction@75e93ffb [pattern=UrlPattern{inclusions=[/api/authentication/validate], exclusions=[]}]
2022.03.16 11:52:49 INFO  web[][o.s.s.q.ProjectsInWarningDaemon] Counting number of projects in warning is not started as there are no projects in this situation.
2022.03.16 11:52:49 INFO  web[][o.s.s.p.p.PlatformLevelStartup] Running Community Edition
2022.03.16 11:52:49 INFO  web[][o.s.s.p.Platform] WebServer is operational
